#
# There is insufficient memory for the Java Runtime Environment to continue.
# Native memory allocation (malloc) failed to allocate 346416 bytes for Chunk::new
# Possible reasons:
#   The system is out of physical RAM or swap space
#   The process is running with CompressedOops enabled, and the Java Heap may be blocking the growth of the native heap
# Possible solutions:
#   Reduce memory load on the system
#   Increase physical memory or swap space
#   Check if swap backing store is full
#   Decrease Java heap size (-Xmx/-Xms)
#   Decrease number of Java threads
#   Decrease Java thread stack sizes (-Xss)
#   Set larger code cache with -XX:ReservedCodeCacheSize=
#   JVM is running with Unscaled Compressed Oops mode in which the Java heap is
#     placed in the first 4GB address space. The Java Heap base address is the
#     maximum limit for the native heap growth. Please use -XX:HeapBaseMinAddress
#     to set the Java Heap base and to place the Java Heap above 4GB virtual address.
# This output file may be truncated or incomplete.
#
#  Out of Memory Error (allocation.cpp:389), pid=11864, tid=0x00000000000061c0
#
# JRE version: Java(TM) SE Runtime Environment (8.0_251-b08) (build 1.8.0_251-b08)
# Java VM: Java HotSpot(TM) 64-Bit Server VM (25.251-b08 mixed mode windows-amd64 compressed oops)
# Failed to write core dump. Minidumps are not enabled by default on client versions of Windows
#

---------------  T H R E A D  ---------------

Current thread (0x00000000195d5800):  JavaThread "C2 CompilerThread1" daemon [_thread_in_native, id=25024, stack(0x0000000019fb0000,0x000000001a0b0000)]

Stack: [0x0000000019fb0000,0x000000001a0b0000]
[error occurred during error reporting (printing stack bounds), id 0xc0000005]

Native frames: (J=compiled Java code, j=interpreted, Vv=VM code, C=native code)


Current CompileTask:
C2:  35942 7675       4       org.gradle.internal.snapshot.SnapshotUtil::getMetadataFromChildren (317 bytes)


---------------  P R O C E S S  ---------------

Java Threads: ( => current thread )
  0x000000001c747000 JavaThread "WorkerExecutor Queue" [_thread_blocked, id=11656, stack(0x000000002cb40000,0x000000002cc40000)]
  0x000000001c74e000 JavaThread "Cache worker for execution history cache (F:\BikeRentalSystem\.gradle\6.5\executionHistory)" [_thread_blocked, id=5848, stack(0x000000002c340000,0x000000002c440000)]
  0x000000001c746800 JavaThread "Execution worker for ':' Thread 7" [_thread_blocked, id=928, stack(0x000000002c240000,0x000000002c340000)]
  0x000000001c74a000 JavaThread "Execution worker for ':' Thread 6" [_thread_blocked, id=11444, stack(0x000000002c140000,0x000000002c240000)]
  0x000000001c748800 JavaThread "Execution worker for ':' Thread 5" [_thread_blocked, id=9812, stack(0x000000002c040000,0x000000002c140000)]
  0x000000001c74d000 JavaThread "Execution worker for ':' Thread 4" [_thread_blocked, id=22548, stack(0x000000002bf40000,0x000000002c040000)]
  0x000000001c74b000 JavaThread "Execution worker for ':' Thread 3" [_thread_blocked, id=4484, stack(0x000000002be40000,0x000000002bf40000)]
  0x000000001c74c800 JavaThread "Execution worker for ':' Thread 2" [_thread_blocked, id=8952, stack(0x000000002bd40000,0x000000002be40000)]
  0x000000001c74b800 JavaThread "Execution worker for ':'" [_thread_blocked, id=26216, stack(0x000000002bc40000,0x000000002bd40000)]
  0x000000001c748000 JavaThread "Cache worker for file content cache (F:\BikeRentalSystem\.gradle\6.5\fileContent)" [_thread_blocked, id=24204, stack(0x000000002b740000,0x000000002b840000)]
  0x000000001c749800 JavaThread "Memory manager" [_thread_blocked, id=12372, stack(0x000000002a3f0000,0x000000002a4f0000)]
  0x000000001ac56800 JavaThread "Cache worker for Build Output Cleanup Cache (F:\BikeRentalSystem\.gradle\buildOutputCleanup)" [_thread_blocked, id=3596, stack(0x00000000294f0000,0x00000000295f0000)]
  0x000000001ac5d800 JavaThread "jar transforms Thread 92" [_thread_blocked, id=11868, stack(0x00000000291f0000,0x00000000292f0000)]
  0x000000001ac5c000 JavaThread "jar transforms Thread 91" [_thread_blocked, id=2268, stack(0x00000000290f0000,0x00000000291f0000)]
  0x000000001ac5b000 JavaThread "jar transforms Thread 90" [_thread_blocked, id=9612, stack(0x0000000028ff0000,0x00000000290f0000)]
  0x000000001ac5c800 JavaThread "jar transforms Thread 89" [_thread_blocked, id=17560, stack(0x0000000028ef0000,0x0000000028ff0000)]
  0x000000001ac5a800 JavaThread "jar transforms Thread 88" [_thread_blocked, id=21436, stack(0x0000000028df0000,0x0000000028ef0000)]
  0x000000001ac59800 JavaThread "jar transforms Thread 87" [_thread_blocked, id=10888, stack(0x0000000028cf0000,0x0000000028df0000)]
  0x000000001ac58000 JavaThread "jar transforms Thread 86" [_thread_blocked, id=10196, stack(0x0000000028bf0000,0x0000000028cf0000)]
  0x000000001ac59000 JavaThread "jar transforms Thread 85" [_thread_blocked, id=19344, stack(0x0000000028af0000,0x0000000028bf0000)]
  0x000000001ac4f000 JavaThread "jar transforms Thread 84" [_thread_blocked, id=16220, stack(0x00000000289f0000,0x0000000028af0000)]
  0x000000001ac55000 JavaThread "jar transforms Thread 83" [_thread_blocked, id=25524, stack(0x00000000288f0000,0x00000000289f0000)]
  0x000000001ac53000 JavaThread "jar transforms Thread 82" [_thread_blocked, id=24592, stack(0x00000000287f0000,0x00000000288f0000)]
  0x000000001ac52000 JavaThread "jar transforms Thread 81" [_thread_blocked, id=21652, stack(0x00000000286f0000,0x00000000287f0000)]
  0x000000001ac54800 JavaThread "jar transforms Thread 80" [_thread_blocked, id=23880, stack(0x00000000285f0000,0x00000000286f0000)]
  0x000000001ac56000 JavaThread "jar transforms Thread 79" [_thread_blocked, id=15684, stack(0x00000000284f0000,0x00000000285f0000)]
  0x000000001ac50800 JavaThread "jar transforms Thread 78" [_thread_blocked, id=13368, stack(0x00000000283f0000,0x00000000284f0000)]
  0x000000001ac53800 JavaThread "jar transforms Thread 77" [_thread_blocked, id=16416, stack(0x00000000282f0000,0x00000000283f0000)]
  0x000000001ac4e000 JavaThread "jar transforms Thread 76" [_thread_blocked, id=7004, stack(0x00000000281f0000,0x00000000282f0000)]
  0x000000001ac4f800 JavaThread "jar transforms Thread 75" [_thread_blocked, id=3212, stack(0x00000000280f0000,0x00000000281f0000)]
  0x000000001ac51000 JavaThread "jar transforms Thread 74" [_thread_blocked, id=12100, stack(0x0000000027ff0000,0x00000000280f0000)]
  0x000000001a604800 JavaThread "jar transforms Thread 73" [_thread_blocked, id=19080, stack(0x0000000027ef0000,0x0000000027ff0000)]
  0x000000001a603000 JavaThread "jar transforms Thread 72" [_thread_blocked, id=18244, stack(0x0000000027df0000,0x0000000027ef0000)]
  0x000000001a609000 JavaThread "jar transforms Thread 71" [_thread_blocked, id=22228, stack(0x0000000027cf0000,0x0000000027df0000)]
  0x000000001a603800 JavaThread "jar transforms Thread 70" [_thread_blocked, id=11324, stack(0x0000000027bf0000,0x0000000027cf0000)]
  0x000000001a608000 JavaThread "jar transforms Thread 69" [_thread_blocked, id=21876, stack(0x0000000027af0000,0x0000000027bf0000)]
  0x000000001a607800 JavaThread "jar transforms Thread 68" [_thread_blocked, id=19904, stack(0x00000000279f0000,0x0000000027af0000)]
  0x000000001a606800 JavaThread "jar transforms Thread 67" [_thread_blocked, id=25228, stack(0x00000000278f0000,0x00000000279f0000)]
  0x000000001a606000 JavaThread "jar transforms Thread 66" [_thread_blocked, id=17516, stack(0x00000000277f0000,0x00000000278f0000)]
  0x000000001a609800 JavaThread "jar transforms Thread 65" [_thread_blocked, id=17720, stack(0x00000000276f0000,0x00000000277f0000)]
  0x000000001a605000 JavaThread "jar transforms Thread 64" [_thread_blocked, id=13720, stack(0x00000000275f0000,0x00000000276f0000)]
  0x000000001a5fb800 JavaThread "jar transforms Thread 63" [_thread_blocked, id=344, stack(0x00000000274f0000,0x00000000275f0000)]
  0x000000001a600800 JavaThread "jar transforms Thread 62" [_thread_blocked, id=9032, stack(0x00000000273f0000,0x00000000274f0000)]
  0x000000001a602000 JavaThread "jar transforms Thread 61" [_thread_blocked, id=4736, stack(0x00000000272f0000,0x00000000273f0000)]
  0x000000001a600000 JavaThread "jar transforms Thread 60" [_thread_blocked, id=7836, stack(0x00000000271f0000,0x00000000272f0000)]
  0x000000001a5fe800 JavaThread "jar transforms Thread 59" [_thread_blocked, id=20444, stack(0x00000000270f0000,0x00000000271f0000)]
  0x000000001a5fd000 JavaThread "jar transforms Thread 58" [_thread_blocked, id=11408, stack(0x0000000026ff0000,0x00000000270f0000)]
  0x000000001a5fc000 JavaThread "jar transforms Thread 57" [_thread_blocked, id=21580, stack(0x0000000026ef0000,0x0000000026ff0000)]
  0x000000001a5fa800 JavaThread "jar transforms Thread 56" [_thread_blocked, id=14596, stack(0x0000000026df0000,0x0000000026ef0000)]
  0x000000001a5ff000 JavaThread "jar transforms Thread 55" [_thread_blocked, id=18956, stack(0x0000000026cf0000,0x0000000026df0000)]
  0x000000001a601800 JavaThread "jar transforms Thread 54" [_thread_blocked, id=20344, stack(0x0000000026bf0000,0x0000000026cf0000)]
  0x000000001a5fd800 JavaThread "jar transforms Thread 53" [_thread_blocked, id=22960, stack(0x0000000026af0000,0x0000000026bf0000)]
  0x000000001b311000 JavaThread "jar transforms Thread 52" [_thread_blocked, id=22460, stack(0x00000000269f0000,0x0000000026af0000)]
  0x000000001b30f800 JavaThread "jar transforms Thread 51" [_thread_blocked, id=12572, stack(0x00000000268f0000,0x00000000269f0000)]
  0x000000001b30e000 JavaThread "jar transforms Thread 50" [_thread_blocked, id=10740, stack(0x00000000267f0000,0x00000000268f0000)]
  0x000000001b30f000 JavaThread "jar transforms Thread 49" [_thread_blocked, id=20032, stack(0x00000000266f0000,0x00000000267f0000)]
  0x000000001b30d800 JavaThread "jar transforms Thread 48" [_thread_blocked, id=21292, stack(0x00000000265f0000,0x00000000266f0000)]
  0x000000001b310800 JavaThread "jar transforms Thread 47" [_thread_blocked, id=5456, stack(0x00000000264f0000,0x00000000265f0000)]
  0x000000001b306000 JavaThread "jar transforms Thread 46" [_thread_blocked, id=21584, stack(0x00000000263f0000,0x00000000264f0000)]
  0x000000001b30c800 JavaThread "jar transforms Thread 45" [_thread_blocked, id=14636, stack(0x00000000262f0000,0x00000000263f0000)]
  0x000000001b30c000 JavaThread "jar transforms Thread 44" [_thread_blocked, id=1836, stack(0x00000000261f0000,0x00000000262f0000)]
  0x000000001b305000 JavaThread "jar transforms Thread 43" [_thread_blocked, id=20936, stack(0x00000000260f0000,0x00000000261f0000)]
  0x000000001b304800 JavaThread "jar transforms Thread 42" [_thread_blocked, id=23096, stack(0x0000000025ff0000,0x00000000260f0000)]
  0x000000001b306800 JavaThread "jar transforms Thread 41" [_thread_blocked, id=8616, stack(0x0000000025ef0000,0x0000000025ff0000)]
  0x000000001b30b000 JavaThread "jar transforms Thread 40" [_thread_blocked, id=20948, stack(0x0000000025df0000,0x0000000025ef0000)]
  0x000000001b30a800 JavaThread "jar transforms Thread 39" [_thread_blocked, id=21016, stack(0x0000000025cf0000,0x0000000025df0000)]
  0x000000001b307800 JavaThread "jar transforms Thread 38" [_thread_blocked, id=19116, stack(0x0000000025bf0000,0x0000000025cf0000)]
  0x000000001b303000 JavaThread "jar transforms Thread 37" [_thread_blocked, id=13036, stack(0x0000000025af0000,0x0000000025bf0000)]
  0x000000001b309800 JavaThread "jar transforms Thread 36" [_thread_blocked, id=440, stack(0x00000000259f0000,0x0000000025af0000)]
  0x000000001b302000 JavaThread "jar transforms Thread 35" [_thread_blocked, id=19248, stack(0x00000000258f0000,0x00000000259f0000)]
  0x000000001b309000 JavaThread "jar transforms Thread 34" [_thread_blocked, id=25888, stack(0x00000000257f0000,0x00000000258f0000)]
  0x000000001b303800 JavaThread "jar transforms Thread 33" [_thread_blocked, id=25480, stack(0x00000000256f0000,0x00000000257f0000)]
  0x000000001b308000 JavaThread "jar transforms Thread 32" [_thread_blocked, id=16880, stack(0x00000000255f0000,0x00000000256f0000)]
  0x000000001b4dd000 JavaThread "jar transforms Thread 31" [_thread_blocked, id=23260, stack(0x00000000254f0000,0x00000000255f0000)]
  0x000000001b4db000 JavaThread "jar transforms Thread 30" [_thread_blocked, id=11016, stack(0x00000000253f0000,0x00000000254f0000)]
  0x000000001b4da000 JavaThread "jar transforms Thread 29" [_thread_blocked, id=4028, stack(0x00000000252f0000,0x00000000253f0000)]
  0x000000001b4d9800 JavaThread "jar transforms Thread 28" [_thread_blocked, id=15792, stack(0x00000000251f0000,0x00000000252f0000)]
  0x000000001b4d8800 JavaThread "jar transforms Thread 27" [_thread_blocked, id=24068, stack(0x00000000250f0000,0x00000000251f0000)]
  0x000000001b4dc800 JavaThread "jar transforms Thread 26" [_thread_blocked, id=18632, stack(0x0000000024ff0000,0x00000000250f0000)]
  0x000000001b4db800 JavaThread "jar transforms Thread 25" [_thread_blocked, id=22660, stack(0x0000000024ef0000,0x0000000024ff0000)]
  0x000000001b4d8000 JavaThread "jar transforms Thread 24" [_thread_blocked, id=3164, stack(0x0000000024df0000,0x0000000024ef0000)]
  0x000000001b4d0800 JavaThread "jar transforms Thread 23" [_thread_blocked, id=19600, stack(0x0000000024cf0000,0x0000000024df0000)]
  0x000000001b4d4000 JavaThread "jar transforms Thread 22" [_thread_blocked, id=21788, stack(0x0000000024bf0000,0x0000000024cf0000)]
  0x000000001b4d5000 JavaThread "jar transforms Thread 21" [_thread_blocked, id=1116, stack(0x0000000024af0000,0x0000000024bf0000)]
  0x000000001b4d6800 JavaThread "jar transforms Thread 20" [_thread_blocked, id=8748, stack(0x00000000249f0000,0x0000000024af0000)]
  0x000000001b4d3800 JavaThread "jar transforms Thread 19" [_thread_blocked, id=25200, stack(0x00000000248f0000,0x00000000249f0000)]
  0x000000001b4d5800 JavaThread "jar transforms Thread 18" [_thread_blocked, id=18488, stack(0x00000000247f0000,0x00000000248f0000)]
  0x000000001b4d2800 JavaThread "jar transforms Thread 17" [_thread_blocked, id=22508, stack(0x00000000246f0000,0x00000000247f0000)]
  0x000000001b4d7000 JavaThread "jar transforms Thread 16" [_thread_blocked, id=18828, stack(0x00000000245f0000,0x00000000246f0000)]
  0x000000001b4d1000 JavaThread "jar transforms Thread 15" [_thread_blocked, id=3916, stack(0x00000000244f0000,0x00000000245f0000)]
  0x000000001b4d2000 JavaThread "jar transforms Thread 14" [_thread_blocked, id=20040, stack(0x00000000243f0000,0x00000000244f0000)]
  0x000000001b4cf000 JavaThread "jar transforms Thread 13" [_thread_blocked, id=6376, stack(0x00000000242f0000,0x00000000243f0000)]
  0x000000001b4ce000 JavaThread "jar transforms Thread 12" [_thread_blocked, id=20668, stack(0x00000000241f0000,0x00000000242f0000)]
  0x000000001b4cf800 JavaThread "jar transforms Thread 11" [_thread_blocked, id=9664, stack(0x00000000240f0000,0x00000000241f0000)]
  0x000000001c942800 JavaThread "jar transforms Thread 10" [_thread_blocked, id=17808, stack(0x0000000023ff0000,0x00000000240f0000)]
  0x000000001c941000 JavaThread "jar transforms Thread 9" [_thread_blocked, id=8400, stack(0x0000000023ef0000,0x0000000023ff0000)]
  0x000000001c93d000 JavaThread "jar transforms Thread 8" [_thread_blocked, id=4464, stack(0x0000000023df0000,0x0000000023ef0000)]
  0x000000001c940000 JavaThread "jar transforms Thread 7" [_thread_blocked, id=11196, stack(0x0000000023cf0000,0x0000000023df0000)]
  0x000000001c93f800 JavaThread "jar transforms Thread 6" [_thread_blocked, id=4084, stack(0x0000000023bf0000,0x0000000023cf0000)]
  0x000000001c93e800 JavaThread "jar transforms Thread 5" [_thread_blocked, id=16524, stack(0x0000000023af0000,0x0000000023bf0000)]
  0x000000001c93e000 JavaThread "jar transforms Thread 4" [_thread_blocked, id=26464, stack(0x00000000239f0000,0x0000000023af0000)]
  0x000000001c941800 JavaThread "jar transforms Thread 3" [_thread_blocked, id=13672, stack(0x00000000238f0000,0x00000000239f0000)]
  0x000000001c935800 JavaThread "jar transforms Thread 2" [_thread_blocked, id=17144, stack(0x00000000237f0000,0x00000000238f0000)]
  0x000000001c93c800 JavaThread "Build operations Thread 8" [_thread_blocked, id=23360, stack(0x00000000236f0000,0x00000000237f0000)]
  0x000000001c935000 JavaThread "Build operations Thread 7" [_thread_blocked, id=24016, stack(0x00000000235f0000,0x00000000236f0000)]
  0x000000001c93b800 JavaThread "Build operations Thread 6" [_thread_blocked, id=9048, stack(0x00000000234f0000,0x00000000235f0000)]
  0x000000001c934000 JavaThread "Build operations Thread 5" [_thread_blocked, id=7464, stack(0x00000000233f0000,0x00000000234f0000)]
  0x000000001c93a000 JavaThread "Build operations Thread 4" [_thread_blocked, id=5040, stack(0x00000000232f0000,0x00000000233f0000)]
  0x000000001c939800 JavaThread "Build operations Thread 3" [_thread_blocked, id=12588, stack(0x00000000231f0000,0x00000000232f0000)]
  0x000000001c937000 JavaThread "Build operations Thread 2" [_thread_in_native, id=12204, stack(0x00000000230f0000,0x00000000231f0000)]
  0x000000001c93b000 JavaThread "Build operations" [_thread_in_Java, id=6280, stack(0x0000000022ff0000,0x00000000230f0000)]
  0x000000001a847000 JavaThread "Cache worker for file content cache (C:\Users\Lenovo\.gradle\caches\6.5\fileContent)" [_thread_blocked, id=19164, stack(0x00000000228f0000,0x00000000229f0000)]
  0x000000001a844800 JavaThread "jar transforms" [_thread_blocked, id=21432, stack(0x00000000227f0000,0x00000000228f0000)]
  0x000000001a84b800 JavaThread "Cache worker for execution history cache (C:\Users\Lenovo\.gradle\caches\6.5\executionHistory)" [_thread_in_Java, id=12524, stack(0x0000000021fe0000,0x00000000220e0000)]
  0x000000001a84a800 JavaThread "Cache worker for cache directory md-rule (C:\Users\Lenovo\.gradle\caches\6.5\md-rule)" [_thread_blocked, id=20456, stack(0x0000000021ee0000,0x0000000021fe0000)]
  0x000000001a847800 JavaThread "Cache worker for cache directory md-supplier (C:\Users\Lenovo\.gradle\caches\6.5\md-supplier)" [_thread_blocked, id=12928, stack(0x0000000020b70000,0x0000000020c70000)]
  0x000000001a846000 JavaThread "Cache worker for checksums cache (F:\BikeRentalSystem\.gradle\checksums)" [_thread_blocked, id=15324, stack(0x0000000020870000,0x0000000020970000)]
  0x000000001a84a000 JavaThread "Cache worker for file hash cache (F:\BikeRentalSystem\.gradle\6.5\fileHashes)" [_thread_blocked, id=11112, stack(0x00000000222f0000,0x00000000223f0000)]
  0x000000001a849000 JavaThread "Cache worker for file hash cache (C:\Users\Lenovo\.gradle\caches\6.5\fileHashes)" [_thread_blocked, id=21664, stack(0x000000001e5d0000,0x000000001e6d0000)]
  0x000000001a845000 JavaThread "File lock request listener" [_thread_in_native, id=20596, stack(0x000000001e4d0000,0x000000001e5d0000)]
  0x000000001a848800 JavaThread "Cache worker for journal cache (C:\Users\Lenovo\.gradle\caches\journal-1)" [_thread_blocked, id=17296, stack(0x000000001e3d0000,0x000000001e4d0000)]
  0x000000001c06d800 JavaThread "Thread-9" [_thread_blocked, id=21068, stack(0x000000001e0d0000,0x000000001e1d0000)]
  0x000000001c075800 JavaThread "Stdin handler" [_thread_blocked, id=10332, stack(0x000000001dfd0000,0x000000001e0d0000)]
  0x000000001c046800 JavaThread "Asynchronous log dispatcher for DefaultDaemonConnection: socket connection from /127.0.0.1:52759 to /127.0.0.1:52760" [_thread_in_native, id=7844, stack(0x000000001ded0000,0x000000001dfd0000)]
  0x000000001c045000 JavaThread "Daemon worker" [_thread_blocked, id=22380, stack(0x000000001ddd0000,0x000000001ded0000)]
  0x000000001c07a000 JavaThread "Cancel handler" [_thread_blocked, id=24512, stack(0x000000001dbd0000,0x000000001dcd0000)]
  0x000000001bfd1800 JavaThread "Handler for socket connection from /127.0.0.1:52759 to /127.0.0.1:52760" [_thread_in_native, id=5988, stack(0x000000001dad0000,0x000000001dbd0000)]
  0x000000001bfcd800 JavaThread "Daemon" [_thread_blocked, id=24808, stack(0x000000001d7d0000,0x000000001d8d0000)]
  0x000000001bfb6800 JavaThread "Daemon periodic checks" [_thread_blocked, id=18896, stack(0x000000001d6d0000,0x000000001d7d0000)]
  0x000000001bfa8800 JavaThread "Incoming local TCP Connector on port 52759" [_thread_in_native, id=25008, stack(0x000000001d490000,0x000000001d590000)]
  0x000000001bf46800 JavaThread "Daemon health stats" [_thread_blocked, id=15556, stack(0x000000001cc50000,0x000000001cd50000)]
  0x0000000019669000 JavaThread "Service Thread" daemon [_thread_blocked, id=2356, stack(0x000000001a2b0000,0x000000001a3b0000)]
  0x00000000195dc800 JavaThread "C1 CompilerThread3" daemon [_thread_blocked, id=23640, stack(0x000000001a1b0000,0x000000001a2b0000)]
  0x00000000195d8800 JavaThread "C2 CompilerThread2" daemon [_thread_in_vm, id=11576, stack(0x000000001a0b0000,0x000000001a1b0000)]
=>0x00000000195d5800 JavaThread "C2 CompilerThread1" daemon [_thread_in_native, id=25024, stack(0x0000000019fb0000,0x000000001a0b0000)]
  0x00000000195d2800 JavaThread "C2 CompilerThread0" daemon [_thread_in_native, id=12788, stack(0x0000000019eb0000,0x0000000019fb0000)]
  0x00000000195cf800 JavaThread "Attach Listener" daemon [_thread_blocked, id=25872, stack(0x0000000019db0000,0x0000000019eb0000)]
  0x00000000177ce800 JavaThread "Signal Dispatcher" daemon [_thread_blocked, id=1068, stack(0x0000000019cb0000,0x0000000019db0000)]
  0x00000000195c1800 JavaThread "Finalizer" daemon [_thread_blocked, id=22892, stack(0x0000000019aa0000,0x0000000019ba0000)]
  0x00000000195c0800 JavaThread "Reference Handler" daemon [_thread_blocked, id=12948, stack(0x00000000199a0000,0x0000000019aa0000)]
  0x0000000002652800 JavaThread "main" [_thread_blocked, id=21252, stack(0x0000000002540000,0x0000000002640000)]

Other Threads:
  0x00000000177b9800 VMThread [stack: 0x00000000194a0000,0x00000000195a0000] [id=9860]
  0x000000001967b000 WatcherThread [stack: 0x000000001a3b0000,0x000000001a4b0000] [id=20808]

VM state:not at safepoint (normal execution)

VM Mutex/Monitor currently owned by a thread:  ([mutex/lock_event])
[0x000000000264d100] AdapterHandlerLibrary_lock - owner thread: 0x000000001c93c800

heap address: 0x0000000080000000, size: 2048 MB, Compressed Oops mode: 32-bit
Narrow klass base: 0x0000000000000000, Narrow klass shift: 3
Compressed class space size: 1073741824 Address: 0x0000000100000000

Heap:
 PSYoungGen      total 169984K, used 88545K [0x00000000d5580000, 0x00000000e2b80000, 0x0000000100000000)
  eden space 150528K, 49% used [0x00000000d5580000,0x00000000d9ea2780,0x00000000de880000)
  from space 19456K, 70% used [0x00000000de880000,0x00000000df5d5cb0,0x00000000dfb80000)
  to   space 19968K, 0% used [0x00000000e1800000,0x00000000e1800000,0x00000000e2b80000)
 ParOldGen       total 139776K, used 32704K [0x0000000080000000, 0x0000000088880000, 0x00000000d5580000)
  object space 139776K, 23% used [0x0000000080000000,0x0000000081ff0290,0x0000000088880000)
 Metaspace       used 66965K, capacity 70450K, committed 70528K, reserved 1110016K
  class space    used 9476K, capacity 10088K, committed 10112K, reserved 1048576K

Card table byte_map: [0x0000000011b10000,0x0000000011f20000] byte_map_base: 0x0000000011710000

Marking Bits: (ParMarkBitMap*) 0x0000000063b7af90
 Begin Bits: [0x00000000129d0000, 0x00000000149d0000)
 End Bits:   [0x00000000149d0000, 0x00000000169d0000)

Polling page: 0x00000000024d0000

CodeCache: size=245760Kb used=21087Kb max_used=21098Kb free=224672Kb
 bounds [0x0000000002750000, 0x0000000003c10000, 0x0000000011750000]
 total_blobs=7394 nmethods=6598 adapters=708
 compilation: enabled

Compilation events (10 events):
Event: 35.839 Thread 0x00000000195dc800 7682       3       org.gradle.internal.snapshot.VfsRelativePath::lengthOfCommonPrefix (173 bytes)
Event: 35.841 Thread 0x00000000195dc800 nmethod 7682 0x0000000003bf21d0 code [0x0000000003bf2460, 0x0000000003bf3b28]
Event: 35.841 Thread 0x00000000195dc800 7672   !   3       org.gradle.api.internal.artifacts.ivyservice.resolveengine.artifact.ArtifactBackedResolvedVariant$DownloadArtifactFile::run (50 bytes)
Event: 35.841 Thread 0x00000000195dc800 nmethod 7672 0x0000000003bf4610 code [0x0000000003bf47a0, 0x0000000003bf4c58]
Event: 35.841 Thread 0x00000000195dc800 7679       3       org.gradle.internal.component.external.model.DefaultModuleComponentIdentifier::toString (5 bytes)
Event: 35.842 Thread 0x00000000195dc800 nmethod 7679 0x0000000003be2b90 code [0x0000000003be2d00, 0x0000000003be2f08]
Event: 35.842 Thread 0x00000000195dc800 7680       3       org.gradle.internal.component.external.model.DefaultModuleComponentIdentifier::getDisplayName (87 bytes)
Event: 35.842 Thread 0x00000000195dc800 nmethod 7680 0x0000000003bf4f10 code [0x0000000003bf5140, 0x0000000003bf5f18]
Event: 35.848 Thread 0x00000000195d8800 nmethod 7681 0x0000000003bf9a90 code [0x0000000003bf9c00, 0x0000000003bfa498]
Event: 35.860 Thread 0x00000000195d2800 nmethod 7657 0x0000000003bfde10 code [0x0000000003bfdfe0, 0x0000000003bff9a8]

GC Heap History (10 events):
Event: 14.167 GC heap before
{Heap before GC invocations=12 (full 2):
 PSYoungGen      total 115200K, used 103424K [0x00000000d5580000, 0x00000000df100000, 0x0000000100000000)
  eden space 103424K, 100% used [0x00000000d5580000,0x00000000dba80000,0x00000000dba80000)
  from space 11776K, 0% used [0x00000000dba80000,0x00000000dba80000,0x00000000dc600000)
  to   space 11776K, 0% used [0x00000000de580000,0x00000000de580000,0x00000000df100000)
 ParOldGen       total 90112K, used 14425K [0x0000000080000000, 0x0000000085800000, 0x00000000d5580000)
  object space 90112K, 16% used [0x0000000080000000,0x0000000080e165b0,0x0000000085800000)
 Metaspace       used 37982K, capacity 39668K, committed 39808K, reserved 1083392K
  class space    used 5379K, capacity 5686K, committed 5760K, reserved 1048576K
Event: 14.175 GC heap after
Heap after GC invocations=12 (full 2):
 PSYoungGen      total 135680K, used 7306K [0x00000000d5580000, 0x00000000ded00000, 0x0000000100000000)
  eden space 128000K, 0% used [0x00000000d5580000,0x00000000d5580000,0x00000000dd280000)
  from space 7680K, 95% used [0x00000000de580000,0x00000000deca2a88,0x00000000ded00000)
  to   space 11264K, 0% used [0x00000000dd700000,0x00000000dd700000,0x00000000de200000)
 ParOldGen       total 90112K, used 14433K [0x0000000080000000, 0x0000000085800000, 0x00000000d5580000)
  object space 90112K, 16% used [0x0000000080000000,0x0000000080e185b0,0x0000000085800000)
 Metaspace       used 37982K, capacity 39668K, committed 39808K, reserved 1083392K
  class space    used 5379K, capacity 5686K, committed 5760K, reserved 1048576K
}
Event: 20.727 GC heap before
{Heap before GC invocations=13 (full 2):
 PSYoungGen      total 135680K, used 135306K [0x00000000d5580000, 0x00000000ded00000, 0x0000000100000000)
  eden space 128000K, 100% used [0x00000000d5580000,0x00000000dd280000,0x00000000dd280000)
  from space 7680K, 95% used [0x00000000de580000,0x00000000deca2a88,0x00000000ded00000)
  to   space 11264K, 0% used [0x00000000dd700000,0x00000000dd700000,0x00000000de200000)
 ParOldGen       total 90112K, used 14433K [0x0000000080000000, 0x0000000085800000, 0x00000000d5580000)
  object space 90112K, 16% used [0x0000000080000000,0x0000000080e185b0,0x0000000085800000)
 Metaspace       used 50877K, capacity 52902K, committed 53248K, reserved 1095680K
  class space    used 6982K, capacity 7378K, committed 7424K, reserved 1048576K
Event: 20.741 GC heap after
Heap after GC invocations=13 (full 2):
 PSYoungGen      total 143872K, used 11260K [0x00000000d5580000, 0x00000000e0b00000, 0x0000000100000000)
  eden space 132608K, 0% used [0x00000000d5580000,0x00000000d5580000,0x00000000dd700000)
  from space 11264K, 99% used [0x00000000dd700000,0x00000000de1ff300,0x00000000de200000)
  to   space 15872K, 0% used [0x00000000dfb80000,0x00000000dfb80000,0x00000000e0b00000)
 ParOldGen       total 90112K, used 23693K [0x0000000080000000, 0x0000000085800000, 0x00000000d5580000)
  object space 90112K, 26% used [0x0000000080000000,0x0000000081723780,0x0000000085800000)
 Metaspace       used 50877K, capacity 52902K, committed 53248K, reserved 1095680K
  class space    used 6982K, capacity 7378K, committed 7424K, reserved 1048576K
}
Event: 24.598 GC heap before
{Heap before GC invocations=14 (full 2):
 PSYoungGen      total 143872K, used 86090K [0x00000000d5580000, 0x00000000e0b00000, 0x0000000100000000)
  eden space 132608K, 56% used [0x00000000d5580000,0x00000000d9e93538,0x00000000dd700000)
  from space 11264K, 99% used [0x00000000dd700000,0x00000000de1ff300,0x00000000de200000)
  to   space 15872K, 0% used [0x00000000dfb80000,0x00000000dfb80000,0x00000000e0b00000)
 ParOldGen       total 90112K, used 23693K [0x0000000080000000, 0x0000000085800000, 0x00000000d5580000)
  object space 90112K, 26% used [0x0000000080000000,0x0000000081723780,0x0000000085800000)
 Metaspace       used 56750K, capacity 59062K, committed 59136K, reserved 1099776K
  class space    used 7951K, capacity 8410K, committed 8448K, reserved 1048576K
Event: 24.635 GC heap after
Heap after GC invocations=14 (full 2):
 PSYoungGen      total 166400K, used 15868K [0x00000000d5580000, 0x00000000e1780000, 0x0000000100000000)
  eden space 150528K, 0% used [0x00000000d5580000,0x00000000d5580000,0x00000000de880000)
  from space 15872K, 99% used [0x00000000dfb80000,0x00000000e0aff320,0x00000000e0b00000)
  to   space 19456K, 0% used [0x00000000de880000,0x00000000de880000,0x00000000dfb80000)
 ParOldGen       total 90112K, used 27523K [0x0000000080000000, 0x0000000085800000, 0x00000000d5580000)
  object space 90112K, 30% used [0x0000000080000000,0x0000000081ae0cc8,0x0000000085800000)
 Metaspace       used 56750K, capacity 59062K, committed 59136K, reserved 1099776K
  class space    used 7951K, capacity 8410K, committed 8448K, reserved 1048576K
}
Event: 24.635 GC heap before
{Heap before GC invocations=15 (full 3):
 PSYoungGen      total 166400K, used 15868K [0x00000000d5580000, 0x00000000e1780000, 0x0000000100000000)
  eden space 150528K, 0% used [0x00000000d5580000,0x00000000d5580000,0x00000000de880000)
  from space 15872K, 99% used [0x00000000dfb80000,0x00000000e0aff320,0x00000000e0b00000)
  to   space 19456K, 0% used [0x00000000de880000,0x00000000de880000,0x00000000dfb80000)
 ParOldGen       total 90112K, used 27523K [0x0000000080000000, 0x0000000085800000, 0x00000000d5580000)
  object space 90112K, 30% used [0x0000000080000000,0x0000000081ae0cc8,0x0000000085800000)
 Metaspace       used 56750K, capacity 59062K, committed 59136K, reserved 1099776K
  class space    used 7951K, capacity 8410K, committed 8448K, reserved 1048576K
Event: 24.836 GC heap after
Heap after GC invocations=15 (full 3):
 PSYoungGen      total 166400K, used 0K [0x00000000d5580000, 0x00000000e1780000, 0x0000000100000000)
  eden space 150528K, 0% used [0x00000000d5580000,0x00000000d5580000,0x00000000de880000)
  from space 15872K, 0% used [0x00000000dfb80000,0x00000000dfb80000,0x00000000e0b00000)
  to   space 19456K, 0% used [0x00000000de880000,0x00000000de880000,0x00000000dfb80000)
 ParOldGen       total 139776K, used 32696K [0x0000000080000000, 0x0000000088880000, 0x00000000d5580000)
  object space 139776K, 23% used [0x0000000080000000,0x0000000081fee290,0x0000000088880000)
 Metaspace       used 56706K, capacity 58912K, committed 59136K, reserved 1099776K
  class space    used 7937K, capacity 8385K, committed 8448K, reserved 1048576K
}
Event: 33.226 GC heap before
{Heap before GC invocations=16 (full 3):
 PSYoungGen      total 166400K, used 150528K [0x00000000d5580000, 0x00000000e1780000, 0x0000000100000000)
  eden space 150528K, 100% used [0x00000000d5580000,0x00000000de880000,0x00000000de880000)
  from space 15872K, 0% used [0x00000000dfb80000,0x00000000dfb80000,0x00000000e0b00000)
  to   space 19456K, 0% used [0x00000000de880000,0x00000000de880000,0x00000000dfb80000)
 ParOldGen       total 139776K, used 32696K [0x0000000080000000, 0x0000000088880000, 0x00000000d5580000)
  object space 139776K, 23% used [0x0000000080000000,0x0000000081fee290,0x0000000088880000)
 Metaspace       used 64066K, capacity 67482K, committed 67712K, reserved 1107968K
  class space    used 9130K, capacity 9746K, committed 9856K, reserved 1048576K
Event: 33.240 GC heap after
Heap after GC invocations=16 (full 3):
 PSYoungGen      total 169984K, used 13655K [0x00000000d5580000, 0x00000000e2b80000, 0x0000000100000000)
  eden space 150528K, 0% used [0x00000000d5580000,0x00000000d5580000,0x00000000de880000)
  from space 19456K, 70% used [0x00000000de880000,0x00000000df5d5cb0,0x00000000dfb80000)
  to   space 19968K, 0% used [0x00000000e1800000,0x00000000e1800000,0x00000000e2b80000)
 ParOldGen       total 139776K, used 32704K [0x0000000080000000, 0x0000000088880000, 0x00000000d5580000)
  object space 139776K, 23% used [0x0000000080000000,0x0000000081ff0290,0x0000000088880000)
 Metaspace       used 64066K, capacity 67482K, committed 67712K, reserved 1107968K
  class space    used 9130K, capacity 9746K, committed 9856K, reserved 1048576K
}

Deoptimization events (10 events):
Event: 30.998 Thread 0x000000001a84b800 Uncommon trap: reason=bimorphic action=maybe_recompile pc=0x000000000329e9c8 method=java.io.BufferedInputStream.read1([BII)I @ 39
Event: 31.110 Thread 0x000000001c939800 Uncommon trap: reason=unstable_if action=reinterpret pc=0x000000000315ae30 method=java.util.concurrent.locks.ReentrantLock$Sync.nonfairTryAcquire(I)Z @ 19
Event: 33.971 Thread 0x000000001c74e000 Uncommon trap: reason=unstable_if action=reinterpret pc=0x000000000395447c method=com.google.common.collect.MapMakerInternalMap$Segment.drainKeyReferenceQueue(Ljava/lang/ref/ReferenceQueue;)V @ 8
Event: 33.974 Thread 0x000000001c746800 Uncommon trap: reason=unstable_if action=reinterpret pc=0x0000000003975124 method=com.google.common.collect.MapMakerInternalMap$Segment.getEntry(Ljava/lang/Object;I)Lcom/google/common/collect/MapMakerInternalMap$InternalEntry; @ 40
Event: 34.598 Thread 0x000000001c934000 Uncommon trap: reason=unstable_if action=reinterpret pc=0x00000000028e2e30 method=java.util.concurrent.locks.ReentrantLock$Sync.nonfairTryAcquire(I)Z @ 19
Event: 35.125 Thread 0x000000001c939800 Uncommon trap: reason=unstable_if action=reinterpret pc=0x0000000003049f0c method=com.google.common.cache.LongAdder.add(J)V @ 24
Event: 35.321 Thread 0x000000001c746800 Uncommon trap: reason=unstable_if action=reinterpret pc=0x0000000002c32cb4 method=java.lang.String.regionMatches(ZILjava/lang/String;II)Z @ 102
Event: 35.829 Thread 0x000000001c746800 Uncommon trap: reason=unstable_if action=reinterpret pc=0x00000000028843f4 method=org.gradle.internal.snapshot.VfsRelativePath.hasPrefix(Ljava/lang/String;Lorg/gradle/internal/snapshot/CaseSensitivity;)Z @ 6
Event: 35.829 Thread 0x000000001c746800 Uncommon trap: reason=unstable_if action=reinterpret pc=0x0000000003b991d8 method=org.gradle.internal.snapshot.VfsRelativePath.fromChild(Ljava/lang/String;)Lorg/gradle/internal/snapshot/VfsRelativePath; @ 4
Event: 35.830 Thread 0x000000001c746800 Uncommon trap: reason=unstable_if action=reinterpret pc=0x00000000039ed290 method=org.gradle.internal.snapshot.VfsRelativePath.lengthOfCommonPrefix(Ljava/lang/String;Lorg/gradle/internal/snapshot/CaseSensitivity;)I @ 165

Classes redefined (0 events):
No events

Internal exceptions (10 events):
Event: 30.421 Thread 0x000000001c93a000 Exception <a 'java/lang/NoSuchMethodError': java.lang.Object.lambda$flatMap$2(Ljava/util/function/Function;Ljava/lang/Object;)Lorg/gradle/internal/Try;> (0x00000000dafcb570) thrown at [C:\jenkins\workspace\8-2-build-windows-amd64-cygwin\jdk8u251\737\hotsp
Event: 30.421 Thread 0x000000001c93b000 Exception <a 'java/lang/NoSuchMethodError': java.lang.Object.lambda$flatMap$2(Ljava/util/function/Function;Ljava/lang/Object;)Lorg/gradle/internal/Try;> (0x00000000db22fe40) thrown at [C:\jenkins\workspace\8-2-build-windows-amd64-cygwin\jdk8u251\737\hotsp
Event: 30.421 Thread 0x000000001c93b800 Exception <a 'java/lang/NoSuchMethodError': java.lang.Object.lambda$flatMap$2(Ljava/util/function/Function;Ljava/lang/Object;)Lorg/gradle/internal/Try;> (0x00000000db1a6360) thrown at [C:\jenkins\workspace\8-2-build-windows-amd64-cygwin\jdk8u251\737\hotsp
Event: 30.421 Thread 0x000000001c937000 Exception <a 'java/lang/NoSuchMethodError': java.lang.Object.lambda$flatMap$2(Ljava/util/function/Function;Ljava/lang/Object;)Lorg/gradle/internal/Try;> (0x00000000db0f3af0) thrown at [C:\jenkins\workspace\8-2-build-windows-amd64-cygwin\jdk8u251\737\hotsp
Event: 30.421 Thread 0x000000001c93c800 Exception <a 'java/lang/NoSuchMethodError': java.lang.Object.lambda$flatMap$2(Ljava/util/function/Function;Ljava/lang/Object;)Lorg/gradle/internal/Try;> (0x00000000db0ab980) thrown at [C:\jenkins\workspace\8-2-build-windows-amd64-cygwin\jdk8u251\737\hotsp
Event: 30.421 Thread 0x000000001c934000 Exception <a 'java/lang/NoSuchMethodError': java.lang.Object.lambda$flatMap$2(Ljava/util/function/Function;Ljava/lang/Object;)Lorg/gradle/internal/Try;> (0x00000000db1567d0) thrown at [C:\jenkins\workspace\8-2-build-windows-amd64-cygwin\jdk8u251\737\hotsp
Event: 32.070 Thread 0x000000001c748800 Exception <a 'java/lang/NoSuchMethodError': java.lang.Object.lambda$flatMap$0(Ljava/lang/Throwable;)Lorg/gradle/api/internal/artifacts/transform/CacheableInvocation;> (0x00000000dd2efd20) thrown at [C:\jenkins\workspace\8-2-build-windows-amd64-cygwin\jdk8
Event: 32.273 Thread 0x000000001c748800 Exception <a 'java/lang/NoSuchMethodError': <clinit>> (0x00000000dd90a478) thrown at [C:\jenkins\workspace\8-2-build-windows-amd64-cygwin\jdk8u251\737\hotspot\src\share\vm\prims\jni.cpp, line 1614]
Event: 35.320 Thread 0x000000001c746800 Exception <a 'sun/nio/fs/WindowsException'> (0x00000000d92802d8) thrown at [C:\jenkins\workspace\8-2-build-windows-amd64-cygwin\jdk8u251\737\hotspot\src\share\vm\prims\jni.cpp, line 710]
Event: 35.320 Thread 0x000000001c746800 Exception <a 'sun/nio/fs/WindowsException'> (0x00000000d9281348) thrown at [C:\jenkins\workspace\8-2-build-windows-amd64-cygwin\jdk8u251\737\hotspot\src\share\vm\prims\jni.cpp, line 710]

Events (10 events):
Event: 35.829 Thread 0x000000001c746800 DEOPT PACKING pc=0x00000000028843f4 sp=0x000000002c33c9b0
Event: 35.829 Thread 0x000000001c746800 DEOPT UNPACKING pc=0x000000000279583b sp=0x000000002c33c948 mode 2
Event: 35.829 Thread 0x000000001c746800 Uncommon trap: trap_request=0xffffff65 fr.pc=0x0000000003b991d8
Event: 35.829 Thread 0x000000001c746800 DEOPT PACKING pc=0x0000000003b991d8 sp=0x000000002c33c960
Event: 35.829 Thread 0x000000001c746800 DEOPT UNPACKING pc=0x000000000279583b sp=0x000000002c33c908 mode 2
Event: 35.830 Thread 0x000000001c746800 Uncommon trap: trap_request=0xffffff65 fr.pc=0x00000000039ed290
Event: 35.830 Thread 0x000000001c746800 DEOPT PACKING pc=0x00000000039ed290 sp=0x000000002c33c560
Event: 35.830 Thread 0x000000001c746800 DEOPT UNPACKING pc=0x000000000279583b sp=0x000000002c33c4f8 mode 2
Event: 35.830 loading class org/gradle/api/artifacts/component/ModuleComponentIdentifier
Event: 35.830 loading class org/gradle/api/artifacts/component/ModuleComponentIdentifier done


Dynamic libraries:
0x00007ff77b2e0000 - 0x00007ff77b317000 	C:\Program Files\Java\jdk1.8.0_251\bin\java.exe
0x00007ff8da8f0000 - 0x00007ff8daae5000 	C:\WINDOWS\SYSTEM32\ntdll.dll
0x00007ff8d9490000 - 0x00007ff8d954d000 	C:\WINDOWS\System32\KERNEL32.DLL
0x00007ff8d8230000 - 0x00007ff8d84f8000 	C:\WINDOWS\System32\KERNELBASE.dll
0x00007ff8d8f40000 - 0x00007ff8d8fec000 	C:\WINDOWS\System32\ADVAPI32.dll
0x00007ff8d9760000 - 0x00007ff8d97fe000 	C:\WINDOWS\System32\msvcrt.dll
0x00007ff8d9ea0000 - 0x00007ff8d9f3b000 	C:\WINDOWS\System32\sechost.dll
0x00007ff8d9800000 - 0x00007ff8d992b000 	C:\WINDOWS\System32\RPCRT4.dll
0x00007ff8d92f0000 - 0x00007ff8d9490000 	C:\WINDOWS\System32\USER32.dll
0x00007ff8d8590000 - 0x00007ff8d85b2000 	C:\WINDOWS\System32\win32u.dll
0x00007ff8d9670000 - 0x00007ff8d969a000 	C:\WINDOWS\System32\GDI32.dll
0x00007ff8d85c0000 - 0x00007ff8d86cb000 	C:\WINDOWS\System32\gdi32full.dll
0x00007ff8d8190000 - 0x00007ff8d822d000 	C:\WINDOWS\System32\msvcp_win.dll
0x00007ff8d87b0000 - 0x00007ff8d88b0000 	C:\WINDOWS\System32\ucrtbase.dll
0x00007ff8bc9d0000 - 0x00007ff8bcc6a000 	C:\WINDOWS\WinSxS\amd64_microsoft.windows.common-controls_6595b64144ccf1df_6.0.19041.1052_none_60b8f8fd71f5e8cb\COMCTL32.dll
0x00007ff8d9930000 - 0x00007ff8d9960000 	C:\WINDOWS\System32\IMM32.DLL
0x00000000661e0000 - 0x00000000662b2000 	C:\Program Files\Java\jdk1.8.0_251\jre\bin\msvcr100.dll
0x0000000063350000 - 0x0000000063bfb000 	C:\Program Files\Java\jdk1.8.0_251\jre\bin\server\jvm.dll
0x00007ff8da100000 - 0x00007ff8da108000 	C:\WINDOWS\System32\PSAPI.DLL
0x00007ff8d1e90000 - 0x00007ff8d1e9a000 	C:\WINDOWS\SYSTEM32\VERSION.dll
0x00007ff8ca6d0000 - 0x00007ff8ca6f7000 	C:\WINDOWS\SYSTEM32\WINMM.dll
0x00007ff8c0d10000 - 0x00007ff8c0d19000 	C:\WINDOWS\SYSTEM32\WSOCK32.dll
0x00007ff8d9d80000 - 0x00007ff8d9deb000 	C:\WINDOWS\System32\WS2_32.dll
0x00007ff8ceb50000 - 0x00007ff8ceb5f000 	C:\Program Files\Java\jdk1.8.0_251\jre\bin\verify.dll
0x00007ff8bfff0000 - 0x00007ff8c0019000 	C:\Program Files\Java\jdk1.8.0_251\jre\bin\java.dll
0x00007ff8cea90000 - 0x00007ff8ceaa6000 	C:\Program Files\Java\jdk1.8.0_251\jre\bin\zip.dll
0x00007ff8da170000 - 0x00007ff8da8af000 	C:\WINDOWS\System32\SHELL32.dll
0x00007ff8d5e20000 - 0x00007ff8d65b0000 	C:\WINDOWS\SYSTEM32\windows.storage.dll
0x00007ff8d9960000 - 0x00007ff8d9cb5000 	C:\WINDOWS\System32\combase.dll
0x00007ff8d79d0000 - 0x00007ff8d79fc000 	C:\WINDOWS\SYSTEM32\Wldp.dll
0x00007ff8d9df0000 - 0x00007ff8d9e9e000 	C:\WINDOWS\System32\SHCORE.dll
0x00007ff8d9cc0000 - 0x00007ff8d9d15000 	C:\WINDOWS\System32\shlwapi.dll
0x00007ff8d7f70000 - 0x00007ff8d7f8f000 	C:\WINDOWS\SYSTEM32\profapi.dll
0x00007ff8c93f0000 - 0x00007ff8c940a000 	C:\Program Files\Java\jdk1.8.0_251\jre\bin\net.dll
0x00007ff8d7740000 - 0x00007ff8d77aa000 	C:\WINDOWS\system32\mswsock.dll
0x00007ff8c9390000 - 0x00007ff8c93a2000 	C:\Program Files\Java\jdk1.8.0_251\jre\bin\nio.dll
0x00007ff8c8b10000 - 0x00007ff8c8b37000 	C:\Users\Lenovo\.gradle\native\f6784746aeab05261644944871eae4fe03e0ef1612fff0a4a95f87b438bc6780\windows-amd64\native-platform.dll
0x00007ff8ceb40000 - 0x00007ff8ceb4d000 	C:\Program Files\Java\jdk1.8.0_251\jre\bin\management.dll
0x00007ff8d7910000 - 0x00007ff8d7928000 	C:\WINDOWS\SYSTEM32\CRYPTSP.dll
0x00007ff8d70e0000 - 0x00007ff8d7114000 	C:\WINDOWS\system32\rsaenh.dll
0x00007ff8d8560000 - 0x00007ff8d8587000 	C:\WINDOWS\System32\bcrypt.dll
0x00007ff8d7f30000 - 0x00007ff8d7f5e000 	C:\WINDOWS\SYSTEM32\USERENV.dll
0x00007ff8d8720000 - 0x00007ff8d87a3000 	C:\WINDOWS\System32\bcryptprimitives.dll
0x00007ff8d7930000 - 0x00007ff8d793c000 	C:\WINDOWS\SYSTEM32\CRYPTBASE.dll
0x00007ff8d7430000 - 0x00007ff8d746b000 	C:\WINDOWS\SYSTEM32\IPHLPAPI.DLL
0x00007ff8d9f40000 - 0x00007ff8d9f48000 	C:\WINDOWS\System32\NSI.dll
0x00007ff8d1010000 - 0x00007ff8d1027000 	C:\WINDOWS\SYSTEM32\dhcpcsvc6.DLL
0x00007ff8d0ff0000 - 0x00007ff8d100d000 	C:\WINDOWS\SYSTEM32\dhcpcsvc.DLL
0x00007ff8d7470000 - 0x00007ff8d753c000 	C:\WINDOWS\SYSTEM32\DNSAPI.dll
0x00007ff8d1050000 - 0x00007ff8d105b000 	C:\WINDOWS\SYSTEM32\WINNSI.DLL

VM Arguments:
jvm_args: -Xmx2048m -Dfile.encoding=UTF-8 -Duser.country=US -Duser.language=en -Duser.variant 
java_command: org.gradle.launcher.daemon.bootstrap.GradleDaemon 6.5
java_class_path (initial): C:\Users\Lenovo\.gradle\wrapper\dists\gradle-6.5-bin\6nifqtx7604sqp1q6g8wikw7p\gradle-6.5\lib\gradle-launcher-6.5.jar
Launcher Type: SUN_STANDARD

Environment Variables:
JAVA_HOME=C:\Program Files\Java\jdk1.7.0_80\bin
PATH=D:\Python39\Scripts\;D:\Python39\;C:\Program Files\Java\jdk1.7.0_80\bin;D:\RailsIntstaller;D:\phantomjs-2.1.1-windows\phantomjs-2.1.1-windows\bin;C:\Program Files (x86)\Common Files\Oracle\Java\javapath;D:\app\oracle\product\10.2.0\server\bin;C:\Program Files (x86)\Intel\iCLS Client\;C:\Program Files\Intel\iCLS Client\;C:\WINDOWS\system32;C:\WINDOWS;C:\WINDOWS\System32\Wbem;C:\WINDOWS\System32\WindowsPowerShell\v1.0\;C:\WINDOWS\System32\OpenSSH\;C:\Program Files (x86)\Intel\Intel(R) Management Engine Components\DAL;C:\Program Files\Intel\Intel(R) Management Engine Components\DAL;C:\Program Files (x86)\Intel\Intel(R) Management Engine Components\IPT;C:\Program Files\Intel\Intel(R) Management Engine Components\IPT;D:\R-4.0.2\bin;C:\Program Files\nodejs\;C:\Users\Lenovo\AppData\Local\Packages\PythonSoftwareFoundation.Python.3.8_qbz5n2kfra8p0\LocalCache\local-packages\Python38\Scripts;D:\WAMP\bin\php\php7.2.18;C:\ProgramData\ComposerSetup\bin;D:\Git\cmd;D:\MiKTeX;C:\Program Files\Java\jdk1.7.0_80\bin;D:\RailsInstaller\Ruby26-x64\bin;D:\RailsInstaller\Git\cmd;D:\RailsInstaller\Ruby2.3.3\bin;C:\RailsInstaller\Git\cmd;C:\RailsInstaller\Ruby2.3.3\bin;C:\Users\Lenovo\AppData\Local\Microsoft\WindowsApps;D:\PyCharm Community Edition 2020.1\bin;D:\heroku\bin;C:\Users\Lenovo\AppData\Local\Yarn\bin;C:\Users\Lenovo\AppData\Roaming\npm;C:\Users\Lenovo\AppData\Local\GitHubDesktop\bin;C:\Users\Lenovo\AppData\Local\atom\bin;C:\Users\Lenovo\AppData\Local\Packages\PythonSoftwareFoundation.Python.3.8_qbz5n2kfra8p0\LocalCache\local-packages\Python38\Scripts;D:\Microsoft VS Code\bin;C:\Users\Lenovo\AppData\Roaming\Composer\vendor\bin;D:\MiKTeX;
USERNAME=Shreya Kapadia
OS=Windows_NT
PROCESSOR_IDENTIFIER=Intel64 Family 6 Model 142 Stepping 10, GenuineIntel



---------------  S Y S T E M  ---------------

OS: Windows 10.0 , 64 bit Build 19041 (10.0.19041.1023)

CPU:total 8 (initial active 8) (4 cores per cpu, 2 threads per core) family 6 model 142 stepping 10, cmov, cx8, fxsr, mmx, sse, sse2, sse3, ssse3, sse4.1, sse4.2, popcnt, avx, avx2, aes, clmul, erms, 3dnowpref, lzcnt, ht, tsc, tscinvbit, bmi1, bmi2, adx

Memory: 4k page, physical 8295652k(599428k free), swap 12489956k(2396k free)

vm_info: Java HotSpot(TM) 64-Bit Server VM (25.251-b08) for windows-amd64 JRE (1.8.0_251-b08), built on Mar 12 2020 06:31:49 by "" with MS VC++ 10.0 (VS2010)

time: Wed Jun 30 11:46:15 2021
timezone: India Standard Time
elapsed time: 36 seconds (0d 0h 0m 36s)

