#
# There is insufficient memory for the Java Runtime Environment to continue.
# Native memory allocation (malloc) failed to allocate 1300656 bytes for Chunk::new
# Possible reasons:
#   The system is out of physical RAM or swap space
#   The process is running with CompressedOops enabled, and the Java Heap may be blocking the growth of the native heap
# Possible solutions:
#   Reduce memory load on the system
#   Increase physical memory or swap space
#   Check if swap backing store is full
#   Decrease Java heap size (-Xmx/-Xms)
#   Decrease number of Java threads
#   Decrease Java thread stack sizes (-Xss)
#   Set larger code cache with -XX:ReservedCodeCacheSize=
#   JVM is running with Unscaled Compressed Oops mode in which the Java heap is
#     placed in the first 4GB address space. The Java Heap base address is the
#     maximum limit for the native heap growth. Please use -XX:HeapBaseMinAddress
#     to set the Java Heap base and to place the Java Heap above 4GB virtual address.
# This output file may be truncated or incomplete.
#
#  Out of Memory Error (allocation.cpp:389), pid=19428, tid=0x0000000000004a0c
#
# JRE version: Java(TM) SE Runtime Environment (8.0_251-b08) (build 1.8.0_251-b08)
# Java VM: Java HotSpot(TM) 64-Bit Server VM (25.251-b08 mixed mode windows-amd64 compressed oops)
# Failed to write core dump. Minidumps are not enabled by default on client versions of Windows
#

---------------  T H R E A D  ---------------

Current thread (0x00000000195ea800):  JavaThread "C2 CompilerThread2" daemon [_thread_in_native, id=18956, stack(0x000000001a0b0000,0x000000001a1b0000)]

Stack: [0x000000001a0b0000,0x000000001a1b0000]
[error occurred during error reporting (printing stack bounds), id 0xc0000005]

Native frames: (J=compiled Java code, j=interpreted, Vv=VM code, C=native code)


Current CompileTask:
C2:  13094 3969   !   4       java.util.jar.Attributes::read (380 bytes)


---------------  P R O C E S S  ---------------

Java Threads: ( => current thread )
  0x000000001c801800 JavaThread "Cache worker for Build Output Cleanup Cache (F:\BikeRentalSystem\.gradle\buildOutputCleanup)" [_thread_blocked, id=3468, stack(0x000000002a690000,0x000000002a790000)]
  0x000000001c800800 JavaThread "jar transforms Thread 92" [_thread_blocked, id=21216, stack(0x000000002a390000,0x000000002a490000)]
  0x000000001c7fd800 JavaThread "jar transforms Thread 91" [_thread_blocked, id=6400, stack(0x000000002a290000,0x000000002a390000)]
  0x000000001c7f6000 JavaThread "jar transforms Thread 90" [_thread_blocked, id=24456, stack(0x000000002a190000,0x000000002a290000)]
  0x000000001c7fd000 JavaThread "jar transforms Thread 89" [_thread_blocked, id=1588, stack(0x000000002a090000,0x000000002a190000)]
  0x000000001c7fb800 JavaThread "jar transforms Thread 88" [_thread_blocked, id=3920, stack(0x0000000029e90000,0x0000000029f90000)]
  0x000000001c7fa800 JavaThread "jar transforms Thread 87" [_thread_blocked, id=14716, stack(0x0000000029d90000,0x0000000029e90000)]
  0x000000001c7fc000 JavaThread "jar transforms Thread 86" [_thread_blocked, id=20984, stack(0x0000000029c90000,0x0000000029d90000)]
  0x000000001c7f3000 JavaThread "jar transforms Thread 85" [_thread_blocked, id=11172, stack(0x0000000029b90000,0x0000000029c90000)]
  0x000000001c7fa000 JavaThread "jar transforms Thread 84" [_thread_blocked, id=16812, stack(0x0000000029a90000,0x0000000029b90000)]
  0x000000001c7f2000 JavaThread "jar transforms Thread 83" [_thread_blocked, id=6380, stack(0x0000000029990000,0x0000000029a90000)]
  0x000000001c7f8800 JavaThread "jar transforms Thread 82" [_thread_blocked, id=18724, stack(0x0000000029890000,0x0000000029990000)]
  0x000000001c7f9000 JavaThread "jar transforms Thread 81" [_thread_blocked, id=12264, stack(0x0000000029790000,0x0000000029890000)]
  0x000000001c7f7000 JavaThread "jar transforms Thread 80" [_thread_blocked, id=23040, stack(0x0000000029690000,0x0000000029790000)]
  0x000000001c7f5000 JavaThread "jar transforms Thread 79" [_thread_blocked, id=21068, stack(0x0000000029590000,0x0000000029690000)]
  0x000000001c7f7800 JavaThread "jar transforms Thread 78" [_thread_blocked, id=24812, stack(0x0000000029490000,0x0000000029590000)]
  0x000000001c7f3800 JavaThread "jar transforms Thread 77" [_thread_blocked, id=9048, stack(0x0000000029390000,0x0000000029490000)]
  0x000000001c7f4800 JavaThread "jar transforms Thread 76" [_thread_blocked, id=12172, stack(0x0000000029290000,0x0000000029390000)]
  0x000000001fee2000 JavaThread "jar transforms Thread 75" [_thread_blocked, id=22956, stack(0x0000000029190000,0x0000000029290000)]
  0x000000001fee0800 JavaThread "jar transforms Thread 74" [_thread_blocked, id=25516, stack(0x0000000029090000,0x0000000029190000)]
  0x000000001fee4800 JavaThread "jar transforms Thread 73" [_thread_blocked, id=2596, stack(0x0000000028f90000,0x0000000029090000)]
  0x000000001fee0000 JavaThread "jar transforms Thread 72" [_thread_blocked, id=7520, stack(0x0000000028e90000,0x0000000028f90000)]
  0x000000001fedf000 JavaThread "jar transforms Thread 71" [_thread_blocked, id=12760, stack(0x0000000028d90000,0x0000000028e90000)]
  0x000000001fede800 JavaThread "jar transforms Thread 70" [_thread_blocked, id=22364, stack(0x0000000028c90000,0x0000000028d90000)]
  0x000000001fee3800 JavaThread "jar transforms Thread 69" [_thread_blocked, id=4940, stack(0x0000000028b90000,0x0000000028c90000)]
  0x000000001fee1800 JavaThread "jar transforms Thread 68" [_thread_blocked, id=7080, stack(0x0000000028a90000,0x0000000028b90000)]
  0x000000001fee3000 JavaThread "jar transforms Thread 67" [_thread_blocked, id=16388, stack(0x0000000028990000,0x0000000028a90000)]
  0x000000001fed7000 JavaThread "jar transforms Thread 66" [_thread_blocked, id=10868, stack(0x0000000028890000,0x0000000028990000)]
  0x000000001fedd800 JavaThread "jar transforms Thread 65" [_thread_blocked, id=2020, stack(0x0000000028790000,0x0000000028890000)]
  0x000000001fedc000 JavaThread "jar transforms Thread 64" [_thread_blocked, id=10168, stack(0x0000000028690000,0x0000000028790000)]
  0x000000001fedb800 JavaThread "jar transforms Thread 63" [_thread_blocked, id=1352, stack(0x0000000028590000,0x0000000028690000)]
  0x000000001feda000 JavaThread "jar transforms Thread 62" [_thread_blocked, id=19480, stack(0x0000000028490000,0x0000000028590000)]
  0x000000001fed6000 JavaThread "jar transforms Thread 61" [_thread_blocked, id=4356, stack(0x0000000028390000,0x0000000028490000)]
  0x000000001fed9000 JavaThread "jar transforms Thread 60" [_thread_blocked, id=23456, stack(0x0000000028290000,0x0000000028390000)]
  0x000000001fedd000 JavaThread "jar transforms Thread 59" [_thread_blocked, id=21904, stack(0x0000000028190000,0x0000000028290000)]
  0x000000001fed8800 JavaThread "jar transforms Thread 58" [_thread_blocked, id=19684, stack(0x0000000028090000,0x0000000028190000)]
  0x000000001feda800 JavaThread "jar transforms Thread 57" [_thread_blocked, id=6008, stack(0x0000000027f90000,0x0000000028090000)]
  0x000000001fed5800 JavaThread "jar transforms Thread 56" [_thread_blocked, id=2224, stack(0x0000000027e90000,0x0000000027f90000)]
  0x000000001fed7800 JavaThread "jar transforms Thread 55" [_thread_blocked, id=2752, stack(0x0000000027d90000,0x0000000027e90000)]
  0x000000001ca8b800 JavaThread "jar transforms Thread 54" [_thread_blocked, id=9292, stack(0x0000000027c90000,0x0000000027d90000)]
  0x000000001ca91800 JavaThread "jar transforms Thread 53" [_thread_blocked, id=21980, stack(0x0000000027b90000,0x0000000027c90000)]
  0x000000001ca90800 JavaThread "jar transforms Thread 52" [_thread_blocked, id=19680, stack(0x0000000027a90000,0x0000000027b90000)]
  0x000000001ca90000 JavaThread "jar transforms Thread 51" [_thread_blocked, id=16524, stack(0x0000000027990000,0x0000000027a90000)]
  0x000000001ca8d000 JavaThread "jar transforms Thread 50" [_thread_blocked, id=19416, stack(0x0000000027890000,0x0000000027990000)]
  0x000000001ca8c000 JavaThread "jar transforms Thread 49" [_thread_blocked, id=3572, stack(0x0000000027790000,0x0000000027890000)]
  0x000000001ca8e800 JavaThread "jar transforms Thread 48" [_thread_blocked, id=25108, stack(0x0000000027690000,0x0000000027790000)]
  0x000000001ca8f000 JavaThread "jar transforms Thread 47" [_thread_blocked, id=8504, stack(0x0000000027590000,0x0000000027690000)]
  0x000000001ca8d800 JavaThread "jar transforms Thread 46" [_thread_blocked, id=2972, stack(0x0000000027490000,0x0000000027590000)]
  0x000000001ca84000 JavaThread "jar transforms Thread 45" [_thread_blocked, id=12788, stack(0x0000000027390000,0x0000000027490000)]
  0x000000001ca8a800 JavaThread "jar transforms Thread 44" [_thread_blocked, id=24016, stack(0x0000000027290000,0x0000000027390000)]
  0x000000001ca83000 JavaThread "jar transforms Thread 43" [_thread_blocked, id=22932, stack(0x0000000027190000,0x0000000027290000)]
  0x000000001ca8a000 JavaThread "jar transforms Thread 42" [_thread_blocked, id=18576, stack(0x0000000027090000,0x0000000027190000)]
  0x000000001ca82800 JavaThread "jar transforms Thread 41" [_thread_blocked, id=2952, stack(0x0000000026f90000,0x0000000027090000)]
  0x000000001ca87800 JavaThread "jar transforms Thread 40" [_thread_blocked, id=11296, stack(0x0000000026e90000,0x0000000026f90000)]
  0x000000001ca85800 JavaThread "jar transforms Thread 39" [_thread_blocked, id=23180, stack(0x0000000026d90000,0x0000000026e90000)]
  0x000000001ca84800 JavaThread "jar transforms Thread 38" [_thread_blocked, id=22368, stack(0x0000000026c90000,0x0000000026d90000)]
  0x000000001ca89000 JavaThread "jar transforms Thread 37" [_thread_blocked, id=4084, stack(0x0000000026b90000,0x0000000026c90000)]
  0x000000001ca87000 JavaThread "jar transforms Thread 36" [_thread_blocked, id=15964, stack(0x0000000026a90000,0x0000000026b90000)]
  0x000000001ca86000 JavaThread "jar transforms Thread 35" [_thread_blocked, id=15772, stack(0x0000000026990000,0x0000000026a90000)]
  0x000000001ca88800 JavaThread "jar transforms Thread 34" [_thread_blocked, id=13708, stack(0x0000000026890000,0x0000000026990000)]
  0x000000001b616000 JavaThread "jar transforms Thread 33" [_thread_blocked, id=15712, stack(0x0000000026790000,0x0000000026890000)]
  0x000000001b615800 JavaThread "jar transforms Thread 32" [_thread_blocked, id=9080, stack(0x0000000026690000,0x0000000026790000)]
  0x000000001b614800 JavaThread "jar transforms Thread 31" [_thread_blocked, id=8780, stack(0x0000000026590000,0x0000000026690000)]
  0x000000001b614000 JavaThread "jar transforms Thread 30" [_thread_blocked, id=24652, stack(0x0000000026490000,0x0000000026590000)]
  0x000000001b60c800 JavaThread "jar transforms Thread 29" [_thread_blocked, id=23468, stack(0x0000000026390000,0x0000000026490000)]
  0x000000001b613000 JavaThread "jar transforms Thread 28" [_thread_blocked, id=1888, stack(0x0000000026290000,0x0000000026390000)]
  0x000000001b612800 JavaThread "jar transforms Thread 27" [_thread_blocked, id=5580, stack(0x0000000026190000,0x0000000026290000)]
  0x000000001b60b000 JavaThread "jar transforms Thread 26" [_thread_blocked, id=9832, stack(0x0000000026090000,0x0000000026190000)]
  0x000000001b611800 JavaThread "jar transforms Thread 25" [_thread_blocked, id=23968, stack(0x0000000025f90000,0x0000000026090000)]
  0x000000001b60a000 JavaThread "jar transforms Thread 24" [_thread_blocked, id=26432, stack(0x0000000025e90000,0x0000000025f90000)]
  0x000000001b60f800 JavaThread "jar transforms Thread 23" [_thread_blocked, id=14924, stack(0x0000000025d90000,0x0000000025e90000)]
  0x000000001b610000 JavaThread "jar transforms Thread 22" [_thread_blocked, id=6736, stack(0x0000000025c90000,0x0000000025d90000)]
  0x000000001b60d000 JavaThread "jar transforms Thread 21" [_thread_blocked, id=8648, stack(0x0000000025b90000,0x0000000025c90000)]
  0x000000001b60b800 JavaThread "jar transforms Thread 20" [_thread_blocked, id=20224, stack(0x0000000025a90000,0x0000000025b90000)]
  0x000000001b611000 JavaThread "jar transforms Thread 19" [_thread_blocked, id=23360, stack(0x0000000025990000,0x0000000025a90000)]
  0x000000001b608000 JavaThread "jar transforms Thread 18" [_thread_blocked, id=17232, stack(0x0000000025890000,0x0000000025990000)]
  0x000000001b60e800 JavaThread "jar transforms Thread 17" [_thread_blocked, id=11412, stack(0x0000000025790000,0x0000000025890000)]
  0x000000001b60e000 JavaThread "jar transforms Thread 16" [_thread_blocked, id=25740, stack(0x0000000025690000,0x0000000025790000)]
  0x000000001b607000 JavaThread "jar transforms Thread 15" [_thread_blocked, id=19728, stack(0x0000000025590000,0x0000000025690000)]
  0x000000001b608800 JavaThread "jar transforms Thread 14" [_thread_blocked, id=15976, stack(0x0000000025490000,0x0000000025590000)]
  0x000000001b609800 JavaThread "jar transforms Thread 13" [_thread_blocked, id=11380, stack(0x0000000025390000,0x0000000025490000)]
  0x0000000020fe6800 JavaThread "jar transforms Thread 12" [_thread_blocked, id=18704, stack(0x0000000025290000,0x0000000025390000)]
  0x0000000020fe5800 JavaThread "jar transforms Thread 11" [_thread_blocked, id=14788, stack(0x0000000025190000,0x0000000025290000)]
  0x0000000020fe4000 JavaThread "jar transforms Thread 10" [_thread_blocked, id=19552, stack(0x0000000025090000,0x0000000025190000)]
  0x0000000020fe4800 JavaThread "jar transforms Thread 9" [_thread_blocked, id=24080, stack(0x0000000024f90000,0x0000000025090000)]
  0x0000000020fe3000 JavaThread "jar transforms Thread 8" [_thread_blocked, id=3612, stack(0x0000000024e90000,0x0000000024f90000)]
  0x0000000020fdb800 JavaThread "jar transforms Thread 7" [_thread_blocked, id=3100, stack(0x0000000024d90000,0x0000000024e90000)]
  0x0000000020fe2800 JavaThread "jar transforms Thread 6" [_thread_blocked, id=14096, stack(0x0000000024c90000,0x0000000024d90000)]
  0x0000000020fe0000 JavaThread "jar transforms Thread 5" [_thread_blocked, id=25864, stack(0x0000000024b90000,0x0000000024c90000)]
  0x0000000020fe1800 JavaThread "jar transforms Thread 4" [_thread_blocked, id=12092, stack(0x0000000024a90000,0x0000000024b90000)]
  0x0000000020fe1000 JavaThread "jar transforms Thread 3" [_thread_blocked, id=14892, stack(0x00000000240b0000,0x00000000241b0000)]
  0x0000000020fd8800 JavaThread "jar transforms Thread 2" [_thread_blocked, id=2700, stack(0x0000000023fb0000,0x00000000240b0000)]
  0x0000000020fda000 JavaThread "Build operations Thread 8" [_thread_blocked, id=6280, stack(0x0000000024990000,0x0000000024a90000)]
  0x0000000020fdf800 JavaThread "Build operations Thread 7" [_thread_blocked, id=19276, stack(0x0000000024890000,0x0000000024990000)]
  0x0000000020fde800 JavaThread "Build operations Thread 6" [_thread_blocked, id=22496, stack(0x0000000024790000,0x0000000024890000)]
  0x0000000020fdb000 JavaThread "Build operations Thread 5" [_thread_blocked, id=13036, stack(0x0000000024690000,0x0000000024790000)]
  0x0000000020fde000 JavaThread "Build operations Thread 4" [_thread_blocked, id=25988, stack(0x0000000024590000,0x0000000024690000)]
  0x0000000020fdd000 JavaThread "Build operations Thread 3" [_thread_blocked, id=14128, stack(0x0000000024490000,0x0000000024590000)]
  0x0000000020fd7000 JavaThread "Build operations Thread 2" [_thread_blocked, id=22568, stack(0x0000000024390000,0x0000000024490000)]
  0x0000000020fd9800 JavaThread "Build operations" [_thread_blocked, id=25148, stack(0x0000000024290000,0x0000000024390000)]
  0x000000001b1cc000 JavaThread "Cache worker for file content cache (C:\Users\Lenovo\.gradle\caches\6.5\fileContent)" [_thread_blocked, id=25960, stack(0x00000000228e0000,0x00000000229e0000)]
  0x000000001b1ce000 JavaThread "jar transforms" [_thread_blocked, id=5988, stack(0x00000000227e0000,0x00000000228e0000)]
  0x000000001b1cc800 JavaThread "Cache worker for execution history cache (C:\Users\Lenovo\.gradle\caches\6.5\executionHistory)" [_thread_blocked, id=18524, stack(0x00000000220e0000,0x00000000221e0000)]
  0x000000001b1c8000 JavaThread "Cache worker for cache directory md-rule (C:\Users\Lenovo\.gradle\caches\6.5\md-rule)" [_thread_blocked, id=24056, stack(0x0000000021fe0000,0x00000000220e0000)]
  0x000000001b1cf000 JavaThread "Cache worker for cache directory md-supplier (C:\Users\Lenovo\.gradle\caches\6.5\md-supplier)" [_thread_blocked, id=18932, stack(0x0000000021ee0000,0x0000000021fe0000)]
  0x000000001b1c9800 JavaThread "Cache worker for checksums cache (F:\BikeRentalSystem\.gradle\checksums)" [_thread_blocked, id=14640, stack(0x0000000020970000,0x0000000020a70000)]
  0x000000001b1c9000 JavaThread "Cache worker for file hash cache (F:\BikeRentalSystem\.gradle\6.5\fileHashes)" [_thread_blocked, id=20668, stack(0x0000000020870000,0x0000000020970000)]
  0x000000001b1cb000 JavaThread "Cache worker for file hash cache (C:\Users\Lenovo\.gradle\caches\6.5\fileHashes)" [_thread_blocked, id=1012, stack(0x000000001e5d0000,0x000000001e6d0000)]
  0x000000001b1cd800 JavaThread "File lock request listener" [_thread_in_native, id=15120, stack(0x000000001e4d0000,0x000000001e5d0000)]
  0x000000001b1ca800 JavaThread "Cache worker for journal cache (C:\Users\Lenovo\.gradle\caches\journal-1)" [_thread_blocked, id=24808, stack(0x000000001e3d0000,0x000000001e4d0000)]
  0x000000001c0f1800 JavaThread "Thread-9" [_thread_blocked, id=9684, stack(0x000000001e0d0000,0x000000001e1d0000)]
  0x000000001c0d5800 JavaThread "Stdin handler" [_thread_blocked, id=9516, stack(0x000000001dfd0000,0x000000001e0d0000)]
  0x000000001c104000 JavaThread "Asynchronous log dispatcher for DefaultDaemonConnection: socket connection from /127.0.0.1:63159 to /127.0.0.1:63160" [_thread_blocked, id=6660, stack(0x000000001ded0000,0x000000001dfd0000)]
  0x000000001c100800 JavaThread "Daemon worker" [_thread_in_native, id=17956, stack(0x000000001ddd0000,0x000000001ded0000)]
  0x000000001c0f9000 JavaThread "Cancel handler" [_thread_blocked, id=19580, stack(0x000000001dbd0000,0x000000001dcd0000)]
  0x000000001bc7c000 JavaThread "Handler for socket connection from /127.0.0.1:63159 to /127.0.0.1:63160" [_thread_in_native, id=12340, stack(0x000000001dad0000,0x000000001dbd0000)]
  0x000000001c0a9800 JavaThread "Daemon" [_thread_blocked, id=25116, stack(0x000000001d7d0000,0x000000001d8d0000)]
  0x000000001c062800 JavaThread "Daemon periodic checks" [_thread_blocked, id=316, stack(0x000000001d6d0000,0x000000001d7d0000)]
  0x000000001c060000 JavaThread "Incoming local TCP Connector on port 63159" [_thread_in_native, id=19260, stack(0x000000001d490000,0x000000001d590000)]
  0x000000001a860800 JavaThread "Daemon health stats" [_thread_blocked, id=13008, stack(0x000000001cc50000,0x000000001cd50000)]
  0x0000000019683800 JavaThread "Service Thread" daemon [_thread_blocked, id=21584, stack(0x000000001a2b0000,0x000000001a3b0000)]
  0x00000000195f9800 JavaThread "C1 CompilerThread3" daemon [_thread_in_vm, id=6332, stack(0x000000001a1b0000,0x000000001a2b0000)]
=>0x00000000195ea800 JavaThread "C2 CompilerThread2" daemon [_thread_in_native, id=18956, stack(0x000000001a0b0000,0x000000001a1b0000)]
  0x00000000195e6800 JavaThread "C2 CompilerThread1" daemon [_thread_in_vm, id=21304, stack(0x0000000019fb0000,0x000000001a0b0000)]
  0x00000000195e3800 JavaThread "C2 CompilerThread0" daemon [_thread_blocked, id=25832, stack(0x0000000019eb0000,0x0000000019fb0000)]
  0x00000000195e0800 JavaThread "Attach Listener" daemon [_thread_blocked, id=24396, stack(0x0000000019db0000,0x0000000019eb0000)]
  0x00000000177de800 JavaThread "Signal Dispatcher" daemon [_thread_blocked, id=10088, stack(0x0000000019cb0000,0x0000000019db0000)]
  0x00000000195d1800 JavaThread "Finalizer" daemon [_thread_blocked, id=15560, stack(0x0000000019ab0000,0x0000000019bb0000)]
  0x00000000195d0800 JavaThread "Reference Handler" daemon [_thread_blocked, id=4008, stack(0x00000000199b0000,0x0000000019ab0000)]
  0x0000000002662800 JavaThread "main" [_thread_blocked, id=22408, stack(0x0000000002560000,0x0000000002660000)]

Other Threads:
  0x00000000177c9800 VMThread [stack: 0x00000000194b0000,0x00000000195b0000] [id=14744]
  0x000000001969d800 WatcherThread [stack: 0x000000001a3b0000,0x000000001a4b0000] [id=14112]

VM state:not at safepoint (normal execution)

VM Mutex/Monitor currently owned by a thread: None

heap address: 0x0000000080000000, size: 2048 MB, Compressed Oops mode: 32-bit
Narrow klass base: 0x0000000000000000, Narrow klass shift: 3
Compressed class space size: 1073741824 Address: 0x0000000100000000

Heap:
 PSYoungGen      total 135680K, used 86622K [0x00000000d5580000, 0x00000000df200000, 0x0000000100000000)
  eden space 128512K, 62% used [0x00000000d5580000,0x00000000da363810,0x00000000dd300000)
  from space 7168K, 95% used [0x00000000deb00000,0x00000000df1b40a0,0x00000000df200000)
  to   space 11264K, 0% used [0x00000000ddc00000,0x00000000ddc00000,0x00000000de700000)
 ParOldGen       total 90624K, used 14449K [0x0000000080000000, 0x0000000085880000, 0x00000000d5580000)
  object space 90624K, 15% used [0x0000000080000000,0x0000000080e1c540,0x0000000085880000)
 Metaspace       used 45934K, capacity 47782K, committed 48000K, reserved 1091584K
  class space    used 6375K, capacity 6747K, committed 6784K, reserved 1048576K

Card table byte_map: [0x0000000011b20000,0x0000000011f30000] byte_map_base: 0x0000000011720000

Marking Bits: (ParMarkBitMap*) 0x0000000063b7af90
 Begin Bits: [0x00000000129e0000, 0x00000000149e0000)
 End Bits:   [0x00000000149e0000, 0x00000000169e0000)

Polling page: 0x0000000002400000

CodeCache: size=245760Kb used=12503Kb max_used=12503Kb free=233256Kb
 bounds [0x0000000002760000, 0x00000000033b0000, 0x0000000011760000]
 total_blobs=4457 nmethods=3715 adapters=654
 compilation: enabled

Compilation events (10 events):
Event: 13.054 Thread 0x00000000195e6800 4073       4       org.objectweb.asm.SymbolTable::addConstantUtf8 (98 bytes)
Event: 13.055 Thread 0x00000000195f9800 nmethod 4072 0x000000000338e890 code [0x000000000338ea60, 0x000000000338f058]
Event: 13.060 Thread 0x00000000195f9800 4074       3       java.util.jar.JarFile::maybeInstantiateVerifier (96 bytes)
Event: 13.061 Thread 0x00000000195f9800 nmethod 4074 0x000000000338f3d0 code [0x000000000338f600, 0x00000000033902a8]
Event: 13.070 Thread 0x00000000195f9800 4075       3       java.util.Collections$EmptyMap::values (4 bytes)
Event: 13.070 Thread 0x00000000195f9800 nmethod 4075 0x0000000003390890 code [0x0000000003390a00, 0x0000000003390bb0]
Event: 13.070 Thread 0x00000000195f9800 4076       3       java.util.Collections$EmptySet::toArray (11 bytes)
Event: 13.070 Thread 0x00000000195f9800 nmethod 4076 0x0000000003390c50 code [0x0000000003390dc0, 0x00000000033910b0]
Event: 13.083 Thread 0x00000000195e3800 4077       4       java.net.URL::equals (24 bytes)
Event: 13.085 Thread 0x00000000195e3800 nmethod 4077 0x0000000003393e90 code [0x0000000003393fe0, 0x00000000033940c8]

GC Heap History (10 events):
Event: 8.032 GC heap before
{Heap before GC invocations=8 (full 1):
 PSYoungGen      total 76288K, used 66048K [0x00000000d5580000, 0x00000000dab80000, 0x0000000100000000)
  eden space 66048K, 100% used [0x00000000d5580000,0x00000000d9600000,0x00000000d9600000)
  from space 10240K, 0% used [0x00000000da080000,0x00000000da080000,0x00000000daa80000)
  to   space 10752K, 0% used [0x00000000d9600000,0x00000000d9600000,0x00000000da080000)
 ParOldGen       total 60928K, used 8979K [0x0000000080000000, 0x0000000083b80000, 0x00000000d5580000)
  object space 60928K, 14% used [0x0000000080000000,0x00000000808c4f60,0x0000000083b80000)
 Metaspace       used 28574K, capacity 29406K, committed 29696K, reserved 1075200K
  class space    used 4054K, capacity 4283K, committed 4352K, reserved 1048576K
Event: 8.044 GC heap after
Heap after GC invocations=8 (full 1):
 PSYoungGen      total 76800K, used 8245K [0x00000000d5580000, 0x00000000dce80000, 0x0000000100000000)
  eden space 66048K, 0% used [0x00000000d5580000,0x00000000d5580000,0x00000000d9600000)
  from space 10752K, 76% used [0x00000000d9600000,0x00000000d9e0d468,0x00000000da080000)
  to   space 11264K, 0% used [0x00000000dc380000,0x00000000dc380000,0x00000000dce80000)
 ParOldGen       total 60928K, used 8987K [0x0000000080000000, 0x0000000083b80000, 0x00000000d5580000)
  object space 60928K, 14% used [0x0000000080000000,0x00000000808c6f60,0x0000000083b80000)
 Metaspace       used 28574K, capacity 29406K, committed 29696K, reserved 1075200K
  class space    used 4054K, capacity 4283K, committed 4352K, reserved 1048576K
}
Event: 9.252 GC heap before
{Heap before GC invocations=9 (full 1):
 PSYoungGen      total 76800K, used 74293K [0x00000000d5580000, 0x00000000dce80000, 0x0000000100000000)
  eden space 66048K, 100% used [0x00000000d5580000,0x00000000d9600000,0x00000000d9600000)
  from space 10752K, 76% used [0x00000000d9600000,0x00000000d9e0d468,0x00000000da080000)
  to   space 11264K, 0% used [0x00000000dc380000,0x00000000dc380000,0x00000000dce80000)
 ParOldGen       total 60928K, used 8996K [0x0000000080000000, 0x0000000083b80000, 0x00000000d5580000)
  object space 60928K, 14% used [0x0000000080000000,0x00000000808c9178,0x0000000083b80000)
 Metaspace       used 32891K, capacity 33924K, committed 34176K, reserved 1079296K
  class space    used 4606K, capacity 4878K, committed 4992K, reserved 1048576K
Event: 9.267 GC heap after
Heap after GC invocations=9 (full 1):
 PSYoungGen      total 112128K, used 9287K [0x00000000d5580000, 0x00000000dcf80000, 0x0000000100000000)
  eden space 100864K, 0% used [0x00000000d5580000,0x00000000d5580000,0x00000000db800000)
  from space 11264K, 82% used [0x00000000dc380000,0x00000000dcc91d08,0x00000000dce80000)
  to   space 11776K, 0% used [0x00000000db800000,0x00000000db800000,0x00000000dc380000)
 ParOldGen       total 60928K, used 9004K [0x0000000080000000, 0x0000000083b80000, 0x00000000d5580000)
  object space 60928K, 14% used [0x0000000080000000,0x00000000808cb178,0x0000000083b80000)
 Metaspace       used 32891K, capacity 33924K, committed 34176K, reserved 1079296K
  class space    used 4606K, capacity 4878K, committed 4992K, reserved 1048576K
}
Event: 9.729 GC heap before
{Heap before GC invocations=10 (full 1):
 PSYoungGen      total 112128K, used 40077K [0x00000000d5580000, 0x00000000dcf80000, 0x0000000100000000)
  eden space 100864K, 30% used [0x00000000d5580000,0x00000000d73919d8,0x00000000db800000)
  from space 11264K, 82% used [0x00000000dc380000,0x00000000dcc91d08,0x00000000dce80000)
  to   space 11776K, 0% used [0x00000000db800000,0x00000000db800000,0x00000000dc380000)
 ParOldGen       total 60928K, used 9004K [0x0000000080000000, 0x0000000083b80000, 0x00000000d5580000)
  object space 60928K, 14% used [0x0000000080000000,0x00000000808cb178,0x0000000083b80000)
 Metaspace       used 34341K, capacity 35444K, committed 35496K, reserved 1079296K
  class space    used 4843K, capacity 5097K, committed 5120K, reserved 1048576K
Event: 9.752 GC heap after
Heap after GC invocations=10 (full 1):
 PSYoungGen      total 112640K, used 8134K [0x00000000d5580000, 0x00000000df680000, 0x0000000100000000)
  eden space 100864K, 0% used [0x00000000d5580000,0x00000000d5580000,0x00000000db800000)
  from space 11776K, 69% used [0x00000000db800000,0x00000000dbff1888,0x00000000dc380000)
  to   space 11776K, 0% used [0x00000000deb00000,0x00000000deb00000,0x00000000df680000)
 ParOldGen       total 60928K, used 9012K [0x0000000080000000, 0x0000000083b80000, 0x00000000d5580000)
  object space 60928K, 14% used [0x0000000080000000,0x00000000808cd178,0x0000000083b80000)
 Metaspace       used 34341K, capacity 35444K, committed 35496K, reserved 1079296K
  class space    used 4843K, capacity 5097K, committed 5120K, reserved 1048576K
}
Event: 9.752 GC heap before
{Heap before GC invocations=11 (full 2):
 PSYoungGen      total 112640K, used 8134K [0x00000000d5580000, 0x00000000df680000, 0x0000000100000000)
  eden space 100864K, 0% used [0x00000000d5580000,0x00000000d5580000,0x00000000db800000)
  from space 11776K, 69% used [0x00000000db800000,0x00000000dbff1888,0x00000000dc380000)
  to   space 11776K, 0% used [0x00000000deb00000,0x00000000deb00000,0x00000000df680000)
 ParOldGen       total 60928K, used 9012K [0x0000000080000000, 0x0000000083b80000, 0x00000000d5580000)
  object space 60928K, 14% used [0x0000000080000000,0x00000000808cd178,0x0000000083b80000)
 Metaspace       used 34341K, capacity 35444K, committed 35496K, reserved 1079296K
  class space    used 4843K, capacity 5097K, committed 5120K, reserved 1048576K
Event: 9.853 GC heap after
Heap after GC invocations=11 (full 2):
 PSYoungGen      total 112640K, used 0K [0x00000000d5580000, 0x00000000df680000, 0x0000000100000000)
  eden space 100864K, 0% used [0x00000000d5580000,0x00000000d5580000,0x00000000db800000)
  from space 11776K, 0% used [0x00000000db800000,0x00000000db800000,0x00000000dc380000)
  to   space 11776K, 0% used [0x00000000deb00000,0x00000000deb00000,0x00000000df680000)
 ParOldGen       total 90624K, used 14441K [0x0000000080000000, 0x0000000085880000, 0x00000000d5580000)
  object space 90624K, 15% used [0x0000000080000000,0x0000000080e1a540,0x0000000085880000)
 Metaspace       used 34341K, capacity 35444K, committed 35496K, reserved 1079296K
  class space    used 4843K, capacity 5097K, committed 5120K, reserved 1048576K
}
Event: 11.458 GC heap before
{Heap before GC invocations=12 (full 2):
 PSYoungGen      total 112640K, used 100864K [0x00000000d5580000, 0x00000000df680000, 0x0000000100000000)
  eden space 100864K, 100% used [0x00000000d5580000,0x00000000db800000,0x00000000db800000)
  from space 11776K, 0% used [0x00000000db800000,0x00000000db800000,0x00000000dc380000)
  to   space 11776K, 0% used [0x00000000deb00000,0x00000000deb00000,0x00000000df680000)
 ParOldGen       total 90624K, used 14441K [0x0000000080000000, 0x0000000085880000, 0x00000000d5580000)
  object space 90624K, 15% used [0x0000000080000000,0x0000000080e1a540,0x0000000085880000)
 Metaspace       used 37548K, capacity 39182K, committed 39424K, reserved 1083392K
  class space    used 5319K, capacity 5613K, committed 5632K, reserved 1048576K
Event: 11.468 GC heap after
Heap after GC invocations=12 (full 2):
 PSYoungGen      total 135680K, used 6864K [0x00000000d5580000, 0x00000000df200000, 0x0000000100000000)
  eden space 128512K, 0% used [0x00000000d5580000,0x00000000d5580000,0x00000000dd300000)
  from space 7168K, 95% used [0x00000000deb00000,0x00000000df1b40a0,0x00000000df200000)
  to   space 11264K, 0% used [0x00000000ddc00000,0x00000000ddc00000,0x00000000de700000)
 ParOldGen       total 90624K, used 14449K [0x0000000080000000, 0x0000000085880000, 0x00000000d5580000)
  object space 90624K, 15% used [0x0000000080000000,0x0000000080e1c540,0x0000000085880000)
 Metaspace       used 37548K, capacity 39182K, committed 39424K, reserved 1083392K
  class space    used 5319K, capacity 5613K, committed 5632K, reserved 1048576K
}

Deoptimization events (10 events):
Event: 12.859 Thread 0x000000001c100800 Uncommon trap: reason=unstable_if action=reinterpret pc=0x0000000002c0d03c method=java.lang.CharacterDataLatin1.isWhitespace(I)Z @ 14
Event: 12.921 Thread 0x000000001c100800 Uncommon trap: reason=unstable_if action=reinterpret pc=0x0000000002973c2c method=java.util.jar.JarFile.maybeInstantiateVerifier()V @ 4
Event: 12.922 Thread 0x000000001c100800 Uncommon trap: reason=predicate action=maybe_recompile pc=0x000000000310e1f4 method=sun.misc.Resource.getBytes()[B @ 53
Event: 12.922 Thread 0x000000001c100800 Uncommon trap: reason=unstable_if action=reinterpret pc=0x0000000002c7df30 method=java.util.jar.JarFile.maybeInstantiateVerifier()V @ 4
Event: 12.922 Thread 0x000000001c100800 Uncommon trap: reason=unstable_if action=reinterpret pc=0x00000000030ea3f0 method=java.security.CodeSource.<init>(Ljava/net/URL;[Ljava/security/CodeSigner;)V @ 25
Event: 12.925 Thread 0x000000001c100800 Uncommon trap: reason=unstable_if action=reinterpret pc=0x0000000002ce17ac method=java.security.CodeSource.getCertificates()[Ljava/security/cert/Certificate; @ 22
Event: 12.926 Thread 0x000000001c100800 Uncommon trap: reason=unstable_if action=reinterpret pc=0x00000000030f00a8 method=java.util.jar.JarFile.maybeInstantiateVerifier()V @ 4
Event: 12.927 Thread 0x000000001c100800 Uncommon trap: reason=unstable_if action=reinterpret pc=0x00000000031ed1fc method=java.security.CodeSource.matchCerts(Ljava/security/CodeSource;Z)Z @ 11
Event: 12.960 Thread 0x000000001c100800 Uncommon trap: reason=unstable_if action=reinterpret pc=0x0000000003077fb8 method=java.util.LinkedHashMap.get(Ljava/lang/Object;)Ljava/lang/Object; @ 20
Event: 13.023 Thread 0x000000001c100800 Uncommon trap: reason=unstable_if action=reinterpret pc=0x0000000003125cbc method=java.security.CodeSource.matchCerts(Ljava/security/CodeSource;Z)Z @ 11

Classes redefined (0 events):
No events

Internal exceptions (10 events):
Event: 11.277 Thread 0x000000001c0f1800 Exception <a 'java/lang/NoSuchMethodError': <clinit>> (0x00000000d55b4750) thrown at [C:\jenkins\workspace\8-2-build-windows-amd64-cygwin\jdk8u251\737\hotspot\src\share\vm\prims\jni.cpp, line 1614]
Event: 11.278 Thread 0x000000001c0f1800 Exception <a 'java/lang/NoSuchMethodError': <clinit>> (0x00000000d55bf880) thrown at [C:\jenkins\workspace\8-2-build-windows-amd64-cygwin\jdk8u251\737\hotspot\src\share\vm\prims\jni.cpp, line 1614]
Event: 11.280 Thread 0x000000001c0f1800 Exception <a 'java/lang/NoSuchMethodError': <clinit>> (0x00000000daff8538) thrown at [C:\jenkins\workspace\8-2-build-windows-amd64-cygwin\jdk8u251\737\hotspot\src\share\vm\prims\jni.cpp, line 1614]
Event: 11.298 Thread 0x000000001c100800 Exception <a 'java/lang/ClassNotFoundException': build_9j3fv4bujd3wcnxtju0gokqgbBeanInfo> (0x00000000daff26e0) thrown at [C:\jenkins\workspace\8-2-build-windows-amd64-cygwin\jdk8u251\737\hotspot\src\share\vm\classfile\systemDictionary.cpp, line 210]
Event: 11.299 Thread 0x000000001c100800 Exception <a 'java/lang/ClassNotFoundException': build_9j3fv4bujd3wcnxtju0gokqgbCustomizer> (0x00000000db050350) thrown at [C:\jenkins\workspace\8-2-build-windows-amd64-cygwin\jdk8u251\737\hotspot\src\share\vm\classfile\systemDictionary.cpp, line 210]
Event: 11.313 Thread 0x000000001c100800 Exception <a 'java/lang/ClassNotFoundException': org/gradle/plugin/use/internal/PluginRequestCollector$PluginDependenciesSpecImplBeanInfo> (0x00000000db0f0048) thrown at [C:\jenkins\workspace\8-2-build-windows-amd64-cygwin\jdk8u251\737\hotspot\src\share\v
Event: 11.314 Thread 0x000000001c100800 Exception <a 'java/lang/ClassNotFoundException': org/gradle/plugin/use/internal/PluginRequestCollector$PluginDependenciesSpecImplCustomizer> (0x00000000db12ff88) thrown at [C:\jenkins\workspace\8-2-build-windows-amd64-cygwin\jdk8u251\737\hotspot\src\share
Event: 11.370 Thread 0x000000001c100800 Exception <a 'java/lang/ClassNotFoundException': org/gradle/api/internal/plugins/DefaultObjectConfigurationActionBeanInfo> (0x00000000db3f9ae0) thrown at [C:\jenkins\workspace\8-2-build-windows-amd64-cygwin\jdk8u251\737\hotspot\src\share\vm\classfile\syst
Event: 11.371 Thread 0x000000001c100800 Exception <a 'java/lang/ClassNotFoundException': org/gradle/api/internal/plugins/DefaultObjectConfigurationActionCustomizer> (0x00000000db43de40) thrown at [C:\jenkins\workspace\8-2-build-windows-amd64-cygwin\jdk8u251\737\hotspot\src\share\vm\classfile\sy
Event: 12.794 Thread 0x000000001c100800 Implicit null exception at 0x00000000032aee68 to 0x00000000032af3a9

Events (10 events):
Event: 13.082 loading class com/android/build/gradle/internal/dsl/CoreExternalNativeNdkBuildOptions
Event: 13.082 loading class com/android/build/gradle/internal/dsl/CoreExternalNativeNdkBuildOptions done
Event: 13.082 loading class com/android/build/api/dsl/ExternalNativeNdkBuildOptions
Event: 13.082 loading class com/android/build/api/dsl/ExternalNativeNdkBuildOptions done
Event: 13.083 loading class com/android/build/gradle/internal/dsl/CoreExternalNativeCmakeOptions
Event: 13.083 loading class com/android/build/gradle/internal/dsl/CoreExternalNativeCmakeOptions done
Event: 13.083 loading class com/android/build/gradle/internal/dsl/ExternalNativeCmakeOptions
Event: 13.083 loading class com/android/build/gradle/internal/dsl/ExternalNativeCmakeOptions done
Event: 13.084 loading class com/android/build/api/dsl/ExternalNativeCmakeOptions
Event: 13.084 loading class com/android/build/api/dsl/ExternalNativeCmakeOptions done


Dynamic libraries:
0x00007ff6d88b0000 - 0x00007ff6d88e7000 	C:\Program Files\Java\jdk1.8.0_251\bin\java.exe
0x00007ff8da8f0000 - 0x00007ff8daae5000 	C:\WINDOWS\SYSTEM32\ntdll.dll
0x00007ff8d9490000 - 0x00007ff8d954d000 	C:\WINDOWS\System32\KERNEL32.DLL
0x00007ff8d8230000 - 0x00007ff8d84f8000 	C:\WINDOWS\System32\KERNELBASE.dll
0x00007ff8d8f40000 - 0x00007ff8d8fec000 	C:\WINDOWS\System32\ADVAPI32.dll
0x00007ff8d9760000 - 0x00007ff8d97fe000 	C:\WINDOWS\System32\msvcrt.dll
0x00007ff8d9ea0000 - 0x00007ff8d9f3b000 	C:\WINDOWS\System32\sechost.dll
0x00007ff8d9800000 - 0x00007ff8d992b000 	C:\WINDOWS\System32\RPCRT4.dll
0x00007ff8d92f0000 - 0x00007ff8d9490000 	C:\WINDOWS\System32\USER32.dll
0x00007ff8d8590000 - 0x00007ff8d85b2000 	C:\WINDOWS\System32\win32u.dll
0x00007ff8d9670000 - 0x00007ff8d969a000 	C:\WINDOWS\System32\GDI32.dll
0x00007ff8d85c0000 - 0x00007ff8d86cb000 	C:\WINDOWS\System32\gdi32full.dll
0x00007ff8d8190000 - 0x00007ff8d822d000 	C:\WINDOWS\System32\msvcp_win.dll
0x00007ff8d87b0000 - 0x00007ff8d88b0000 	C:\WINDOWS\System32\ucrtbase.dll
0x00007ff8bc9d0000 - 0x00007ff8bcc6a000 	C:\WINDOWS\WinSxS\amd64_microsoft.windows.common-controls_6595b64144ccf1df_6.0.19041.1052_none_60b8f8fd71f5e8cb\COMCTL32.dll
0x00007ff8d9930000 - 0x00007ff8d9960000 	C:\WINDOWS\System32\IMM32.DLL
0x00000000661e0000 - 0x00000000662b2000 	C:\Program Files\Java\jdk1.8.0_251\jre\bin\msvcr100.dll
0x0000000063350000 - 0x0000000063bfb000 	C:\Program Files\Java\jdk1.8.0_251\jre\bin\server\jvm.dll
0x00007ff8da100000 - 0x00007ff8da108000 	C:\WINDOWS\System32\PSAPI.DLL
0x00007ff8d1e90000 - 0x00007ff8d1e9a000 	C:\WINDOWS\SYSTEM32\VERSION.dll
0x00007ff8c0d10000 - 0x00007ff8c0d19000 	C:\WINDOWS\SYSTEM32\WSOCK32.dll
0x00007ff8ca6d0000 - 0x00007ff8ca6f7000 	C:\WINDOWS\SYSTEM32\WINMM.dll
0x00007ff8d9d80000 - 0x00007ff8d9deb000 	C:\WINDOWS\System32\WS2_32.dll
0x00007ff8d3150000 - 0x00007ff8d315f000 	C:\Program Files\Java\jdk1.8.0_251\jre\bin\verify.dll
0x00007ff8bfff0000 - 0x00007ff8c0019000 	C:\Program Files\Java\jdk1.8.0_251\jre\bin\java.dll
0x00007ff8d2a90000 - 0x00007ff8d2aa6000 	C:\Program Files\Java\jdk1.8.0_251\jre\bin\zip.dll
0x00007ff8da170000 - 0x00007ff8da8af000 	C:\WINDOWS\System32\SHELL32.dll
0x00007ff8d5e20000 - 0x00007ff8d65b0000 	C:\WINDOWS\SYSTEM32\windows.storage.dll
0x00007ff8d9960000 - 0x00007ff8d9cb5000 	C:\WINDOWS\System32\combase.dll
0x00007ff8d79d0000 - 0x00007ff8d79fc000 	C:\WINDOWS\SYSTEM32\Wldp.dll
0x00007ff8d9df0000 - 0x00007ff8d9e9e000 	C:\WINDOWS\System32\SHCORE.dll
0x00007ff8d9cc0000 - 0x00007ff8d9d15000 	C:\WINDOWS\System32\shlwapi.dll
0x00007ff8d7f70000 - 0x00007ff8d7f8f000 	C:\WINDOWS\SYSTEM32\profapi.dll
0x00007ff8b9e50000 - 0x00007ff8b9e6a000 	C:\Program Files\Java\jdk1.8.0_251\jre\bin\net.dll
0x00007ff8d7740000 - 0x00007ff8d77aa000 	C:\WINDOWS\system32\mswsock.dll
0x00007ff8b62a0000 - 0x00007ff8b62b2000 	C:\Program Files\Java\jdk1.8.0_251\jre\bin\nio.dll
0x00007ff8b2580000 - 0x00007ff8b25a7000 	C:\Users\Lenovo\.gradle\native\f6784746aeab05261644944871eae4fe03e0ef1612fff0a4a95f87b438bc6780\windows-amd64\native-platform.dll
0x00007ff8d17d0000 - 0x00007ff8d17dd000 	C:\Program Files\Java\jdk1.8.0_251\jre\bin\management.dll
0x00007ff8d7910000 - 0x00007ff8d7928000 	C:\WINDOWS\SYSTEM32\CRYPTSP.dll
0x00007ff8d70e0000 - 0x00007ff8d7114000 	C:\WINDOWS\system32\rsaenh.dll
0x00007ff8d8560000 - 0x00007ff8d8587000 	C:\WINDOWS\System32\bcrypt.dll
0x00007ff8d7f30000 - 0x00007ff8d7f5e000 	C:\WINDOWS\SYSTEM32\USERENV.dll
0x00007ff8d8720000 - 0x00007ff8d87a3000 	C:\WINDOWS\System32\bcryptprimitives.dll
0x00007ff8d7930000 - 0x00007ff8d793c000 	C:\WINDOWS\SYSTEM32\CRYPTBASE.dll
0x00007ff8d7430000 - 0x00007ff8d746b000 	C:\WINDOWS\SYSTEM32\IPHLPAPI.DLL
0x00007ff8d9f40000 - 0x00007ff8d9f48000 	C:\WINDOWS\System32\NSI.dll
0x00007ff8d1010000 - 0x00007ff8d1027000 	C:\WINDOWS\SYSTEM32\dhcpcsvc6.DLL
0x00007ff8d0ff0000 - 0x00007ff8d100d000 	C:\WINDOWS\SYSTEM32\dhcpcsvc.DLL
0x00007ff8d7470000 - 0x00007ff8d753c000 	C:\WINDOWS\SYSTEM32\DNSAPI.dll
0x00007ff8d1050000 - 0x00007ff8d105b000 	C:\WINDOWS\SYSTEM32\WINNSI.DLL

VM Arguments:
jvm_args: -Xmx2048m -Dfile.encoding=UTF-8 -Duser.country=US -Duser.language=en -Duser.variant 
java_command: org.gradle.launcher.daemon.bootstrap.GradleDaemon 6.5
java_class_path (initial): C:\Users\Lenovo\.gradle\wrapper\dists\gradle-6.5-bin\6nifqtx7604sqp1q6g8wikw7p\gradle-6.5\lib\gradle-launcher-6.5.jar
Launcher Type: SUN_STANDARD

Environment Variables:
JAVA_HOME=C:\Program Files\Java\jdk1.7.0_80\bin
PATH=D:\Python39\Scripts\;D:\Python39\;C:\Program Files\Java\jdk1.7.0_80\bin;D:\RailsIntstaller;D:\phantomjs-2.1.1-windows\phantomjs-2.1.1-windows\bin;C:\Program Files (x86)\Common Files\Oracle\Java\javapath;D:\app\oracle\product\10.2.0\server\bin;C:\Program Files (x86)\Intel\iCLS Client\;C:\Program Files\Intel\iCLS Client\;C:\WINDOWS\system32;C:\WINDOWS;C:\WINDOWS\System32\Wbem;C:\WINDOWS\System32\WindowsPowerShell\v1.0\;C:\WINDOWS\System32\OpenSSH\;C:\Program Files (x86)\Intel\Intel(R) Management Engine Components\DAL;C:\Program Files\Intel\Intel(R) Management Engine Components\DAL;C:\Program Files (x86)\Intel\Intel(R) Management Engine Components\IPT;C:\Program Files\Intel\Intel(R) Management Engine Components\IPT;D:\R-4.0.2\bin;C:\Program Files\nodejs\;C:\Users\Lenovo\AppData\Local\Packages\PythonSoftwareFoundation.Python.3.8_qbz5n2kfra8p0\LocalCache\local-packages\Python38\Scripts;D:\WAMP\bin\php\php7.2.18;C:\ProgramData\ComposerSetup\bin;D:\Git\cmd;D:\MiKTeX;C:\Program Files\Java\jdk1.7.0_80\bin;D:\RailsInstaller\Ruby26-x64\bin;D:\RailsInstaller\Git\cmd;D:\RailsInstaller\Ruby2.3.3\bin;C:\RailsInstaller\Git\cmd;C:\RailsInstaller\Ruby2.3.3\bin;C:\Users\Lenovo\AppData\Local\Microsoft\WindowsApps;D:\PyCharm Community Edition 2020.1\bin;D:\heroku\bin;C:\Users\Lenovo\AppData\Local\Yarn\bin;C:\Users\Lenovo\AppData\Roaming\npm;C:\Users\Lenovo\AppData\Local\GitHubDesktop\bin;C:\Users\Lenovo\AppData\Local\atom\bin;C:\Users\Lenovo\AppData\Local\Packages\PythonSoftwareFoundation.Python.3.8_qbz5n2kfra8p0\LocalCache\local-packages\Python38\Scripts;D:\Microsoft VS Code\bin;C:\Users\Lenovo\AppData\Roaming\Composer\vendor\bin;D:\MiKTeX;
USERNAME=Shreya Kapadia
OS=Windows_NT
PROCESSOR_IDENTIFIER=Intel64 Family 6 Model 142 Stepping 10, GenuineIntel



---------------  S Y S T E M  ---------------

OS: Windows 10.0 , 64 bit Build 19041 (10.0.19041.1023)

CPU:total 8 (initial active 8) (4 cores per cpu, 2 threads per core) family 6 model 142 stepping 10, cmov, cx8, fxsr, mmx, sse, sse2, sse3, ssse3, sse4.1, sse4.2, popcnt, avx, avx2, aes, clmul, erms, 3dnowpref, lzcnt, ht, tsc, tscinvbit, bmi1, bmi2, adx

Memory: 4k page, physical 8295652k(474152k free), swap 12489956k(4340k free)

vm_info: Java HotSpot(TM) 64-Bit Server VM (25.251-b08) for windows-amd64 JRE (1.8.0_251-b08), built on Mar 12 2020 06:31:49 by "" with MS VC++ 10.0 (VS2010)

time: Wed Jun 30 11:23:03 2021
timezone: India Standard Time
elapsed time: 13 seconds (0d 0h 0m 13s)

